2023.06.05 10:50:31 INFO  ce[][o.s.p.ProcessEntryPoint] Starting Compute Engine
2023.06.05 10:50:31 INFO  ce[][o.s.ce.app.CeServer] Compute Engine starting up...
2023.06.05 10:50:31 INFO  ce[][o.sonar.db.Database] Create JDBC data source for jdbc:h2:tcp://127.0.0.1:9092/sonar;NON_KEYWORDS=VALUE
2023.06.05 10:50:31 INFO  ce[][c.z.h.HikariDataSource] HikariPool-1 - Starting...
2023.06.05 10:50:31 INFO  ce[][c.z.h.p.HikariPool] HikariPool-1 - Added connection conn0: url=jdbc:h2:tcp://127.0.0.1:9092/sonar user=
2023.06.05 10:50:31 INFO  ce[][c.z.h.HikariDataSource] HikariPool-1 - Start completed.
2023.06.05 10:50:31 WARN  ce[][o.s.db.dialect.H2] H2 database should be used for evaluation purpose only.
2023.06.05 10:50:35 INFO  ce[][o.s.s.p.ServerFileSystemImpl] SonarQube home: /opt/sonarqube
2023.06.05 10:50:35 INFO  ce[][o.s.c.c.CePluginRepository] Load plugins
2023.06.05 10:50:41 INFO  ce[][o.s.c.c.ComputeEngineContainerImpl] Running Community edition
2023.06.05 10:50:41 INFO  ce[][o.s.ce.app.CeServer] Compute Engine is started
2023.06.05 11:33:37 INFO  ce[][o.s.c.t.CeWorkerImpl] Execute task | project=gr-backend | type=REPORT | id=AYiLVYOE1BiqqvCkNLZf | submitter=admin
2023.06.05 11:33:38 INFO  ce[AYiLVYOE1BiqqvCkNLZf][o.s.c.t.s.ComputationStepExecutor] Extract report | status=SUCCESS | time=55ms
2023.06.05 11:33:38 INFO  ce[AYiLVYOE1BiqqvCkNLZf][o.s.c.t.s.ComputationStepExecutor] Persist scanner context | status=SUCCESS | time=12ms
2023.06.05 11:33:38 INFO  ce[AYiLVYOE1BiqqvCkNLZf][o.s.c.t.s.ComputationStepExecutor] Propagate analysis warnings from scanner report | status=SUCCESS | time=52ms
2023.06.05 11:33:38 INFO  ce[AYiLVYOE1BiqqvCkNLZf][o.s.c.t.s.ComputationStepExecutor] Generate analysis UUID | status=SUCCESS | time=0ms
2023.06.05 11:33:38 INFO  ce[AYiLVYOE1BiqqvCkNLZf][o.s.c.t.s.ComputationStepExecutor] Load analysis metadata | status=SUCCESS | time=169ms
2023.06.05 11:33:38 INFO  ce[AYiLVYOE1BiqqvCkNLZf][o.s.c.t.s.ComputationStepExecutor] Initialize | status=SUCCESS | time=0ms
2023.06.05 11:33:38 INFO  ce[AYiLVYOE1BiqqvCkNLZf][o.s.c.t.s.ComputationStepExecutor] Build tree of components | components=49 | status=SUCCESS | time=139ms
2023.06.05 11:33:38 INFO  ce[AYiLVYOE1BiqqvCkNLZf][o.s.c.t.s.ComputationStepExecutor] Validate project | status=SUCCESS | time=7ms
2023.06.05 11:33:38 INFO  ce[AYiLVYOE1BiqqvCkNLZf][o.s.s.e.EsClientProvider] Connected to local Elasticsearch: [http://localhost:9001]
2023.06.05 11:33:42 INFO  ce[AYiLVYOE1BiqqvCkNLZf][o.s.c.t.s.ComputationStepExecutor] Load quality profiles | status=SUCCESS | time=3515ms
2023.06.05 11:33:42 INFO  ce[AYiLVYOE1BiqqvCkNLZf][o.s.c.t.s.ComputationStepExecutor] Load file hashes and statuses | status=SUCCESS | time=23ms
2023.06.05 11:33:42 INFO  ce[AYiLVYOE1BiqqvCkNLZf][o.s.c.t.s.ComputationStepExecutor] Load Quality gate | status=SUCCESS | time=11ms
2023.06.05 11:33:42 INFO  ce[AYiLVYOE1BiqqvCkNLZf][o.s.c.t.s.ComputationStepExecutor] Load new code period | status=SUCCESS | time=13ms
2023.06.05 11:33:42 INFO  ce[AYiLVYOE1BiqqvCkNLZf][o.s.c.t.s.ComputationStepExecutor] Detect file moves | reportFiles=33 | dbFiles=33 | addedFiles=0 | status=SUCCESS | time=10ms
2023.06.05 11:33:42 INFO  ce[AYiLVYOE1BiqqvCkNLZf][o.s.c.t.s.ComputationStepExecutor] Detect file moves in Pull Request scope | status=SUCCESS | time=0ms
2023.06.05 11:33:42 INFO  ce[AYiLVYOE1BiqqvCkNLZf][o.s.c.t.s.ComputationStepExecutor] Load duplications | duplications=0 | status=SUCCESS | time=5ms
2023.06.05 11:33:42 INFO  ce[AYiLVYOE1BiqqvCkNLZf][o.s.c.t.s.ComputationStepExecutor] Compute cross project duplications | status=SUCCESS | time=0ms
2023.06.05 11:33:43 INFO  ce[AYiLVYOE1BiqqvCkNLZf][o.s.c.t.s.ComputationStepExecutor] Compute size measures | status=SUCCESS | time=28ms
2023.06.05 11:33:43 INFO  ce[AYiLVYOE1BiqqvCkNLZf][o.s.c.t.s.ComputationStepExecutor] Compute new coverage | status=SUCCESS | time=106ms
2023.06.05 11:33:43 INFO  ce[AYiLVYOE1BiqqvCkNLZf][o.s.c.t.s.ComputationStepExecutor] Compute coverage measures | status=SUCCESS | time=5ms
2023.06.05 11:33:43 INFO  ce[AYiLVYOE1BiqqvCkNLZf][o.s.c.t.s.ComputationStepExecutor] Compute comment measures | status=SUCCESS | time=2ms
2023.06.05 11:33:43 INFO  ce[AYiLVYOE1BiqqvCkNLZf][o.s.c.t.s.ComputationStepExecutor] Compute duplication measures | status=SUCCESS | time=2ms
2023.06.05 11:33:43 INFO  ce[AYiLVYOE1BiqqvCkNLZf][o.s.c.t.s.ComputationStepExecutor] Compute size measures on new code | status=SUCCESS | time=32ms
2023.06.05 11:33:43 INFO  ce[AYiLVYOE1BiqqvCkNLZf][o.s.c.t.s.ComputationStepExecutor] Compute language distribution | status=SUCCESS | time=23ms
2023.06.05 11:33:43 INFO  ce[AYiLVYOE1BiqqvCkNLZf][o.s.c.t.s.ComputationStepExecutor] Compute test measures | status=SUCCESS | time=1ms
2023.06.05 11:33:43 INFO  ce[AYiLVYOE1BiqqvCkNLZf][o.s.c.t.s.ComputationStepExecutor] Compute complexity measures | status=SUCCESS | time=4ms
2023.06.05 11:33:43 INFO  ce[AYiLVYOE1BiqqvCkNLZf][o.s.c.t.s.ComputationStepExecutor] Load measure computers | status=SUCCESS | time=3ms
2023.06.05 11:33:43 INFO  ce[AYiLVYOE1BiqqvCkNLZf][o.s.c.t.s.ComputationStepExecutor] Compute Quality Profile status | status=SUCCESS | time=36ms
2023.06.05 11:33:44 INFO  ce[AYiLVYOE1BiqqvCkNLZf][o.s.c.t.s.ComputationStepExecutor] Execute component visitors | status=SUCCESS | time=638ms
2023.06.05 11:33:44 INFO  ce[AYiLVYOE1BiqqvCkNLZf][o.s.c.t.s.ComputationStepExecutor] Checks executed after computation of measures | status=SUCCESS | time=0ms
2023.06.05 11:33:44 INFO  ce[AYiLVYOE1BiqqvCkNLZf][o.s.c.t.s.ComputationStepExecutor] Compute Quality Gate measures | status=SUCCESS | time=26ms
2023.06.05 11:33:44 INFO  ce[AYiLVYOE1BiqqvCkNLZf][o.s.c.t.s.ComputationStepExecutor] Compute Quality profile measures | status=SUCCESS | time=6ms
2023.06.05 11:33:44 INFO  ce[AYiLVYOE1BiqqvCkNLZf][o.s.c.t.s.ComputationStepExecutor] Generate Quality profile events | status=SUCCESS | time=6ms
2023.06.05 11:33:44 INFO  ce[AYiLVYOE1BiqqvCkNLZf][o.s.c.t.s.ComputationStepExecutor] Generate Quality gate events | status=SUCCESS | time=4ms
2023.06.05 11:33:44 INFO  ce[AYiLVYOE1BiqqvCkNLZf][o.s.c.t.s.ComputationStepExecutor] Check upgrade possibility for not analyzed code files. | status=SUCCESS | time=2ms
2023.06.05 11:33:44 INFO  ce[AYiLVYOE1BiqqvCkNLZf][o.s.c.t.s.ComputationStepExecutor] Persist scanner analysis cache | status=SUCCESS | time=10ms
2023.06.05 11:33:44 INFO  ce[AYiLVYOE1BiqqvCkNLZf][o.s.c.t.s.ComputationStepExecutor] Persist components | status=SUCCESS | time=36ms
2023.06.05 11:33:44 INFO  ce[AYiLVYOE1BiqqvCkNLZf][o.s.c.t.s.ComputationStepExecutor] Persist analysis | status=SUCCESS | time=4ms
2023.06.05 11:33:44 INFO  ce[AYiLVYOE1BiqqvCkNLZf][o.s.c.t.s.ComputationStepExecutor] Persist analysis properties | status=SUCCESS | time=8ms
2023.06.05 11:33:44 INFO  ce[AYiLVYOE1BiqqvCkNLZf][o.s.c.t.s.ComputationStepExecutor] Persist measures | inserts=58 | status=SUCCESS | time=55ms
2023.06.05 11:33:45 INFO  ce[AYiLVYOE1BiqqvCkNLZf][o.s.c.t.s.ComputationStepExecutor] Persist live measures | insertsOrUpdates=2203 | status=SUCCESS | time=1047ms
2023.06.05 11:33:45 INFO  ce[AYiLVYOE1BiqqvCkNLZf][o.s.c.t.s.ComputationStepExecutor] Persist duplication data | insertsOrUpdates=0 | status=SUCCESS | time=2ms
2023.06.05 11:33:45 INFO  ce[AYiLVYOE1BiqqvCkNLZf][o.s.c.t.s.ComputationStepExecutor] Persist new ad hoc Rules | status=SUCCESS | time=1ms
2023.06.05 11:33:45 INFO  ce[AYiLVYOE1BiqqvCkNLZf][o.s.c.t.s.ComputationStepExecutor] Persist issues | cacheSize=3.2 kB | inserts=1 | updates=5 | merged=0 | status=SUCCESS | time=37ms
2023.06.05 11:33:45 INFO  ce[AYiLVYOE1BiqqvCkNLZf][o.s.c.t.s.ComputationStepExecutor] Delete issue changes | changes=0 | status=SUCCESS | time=1ms
2023.06.05 11:33:45 INFO  ce[AYiLVYOE1BiqqvCkNLZf][o.s.c.t.s.ComputationStepExecutor] Persist project links | status=SUCCESS | time=9ms
2023.06.05 11:33:45 INFO  ce[AYiLVYOE1BiqqvCkNLZf][o.s.c.t.s.ComputationStepExecutor] Persist events | status=SUCCESS | time=12ms
2023.06.05 11:33:45 INFO  ce[AYiLVYOE1BiqqvCkNLZf][o.s.c.t.s.ComputationStepExecutor] Persist sources | status=SUCCESS | time=186ms
2023.06.05 11:33:45 INFO  ce[AYiLVYOE1BiqqvCkNLZf][o.s.c.t.s.ComputationStepExecutor] Persist cross project duplications | status=SUCCESS | time=0ms
2023.06.05 11:33:45 INFO  ce[AYiLVYOE1BiqqvCkNLZf][o.s.c.t.s.ComputationStepExecutor] Enable analysis | status=SUCCESS | time=5ms
2023.06.05 11:33:45 INFO  ce[AYiLVYOE1BiqqvCkNLZf][o.s.c.t.s.ComputationStepExecutor] Update last usage date of quality profiles | status=SUCCESS | time=12ms
2023.06.05 11:33:45 INFO  ce[AYiLVYOE1BiqqvCkNLZf][o.s.c.t.s.ComputationStepExecutor] Purge db | status=SUCCESS | time=195ms
2023.06.05 11:33:47 INFO  ce[AYiLVYOE1BiqqvCkNLZf][o.s.c.t.s.ComputationStepExecutor] Index analysis | status=SUCCESS | time=2065ms
2023.06.05 11:33:47 INFO  ce[AYiLVYOE1BiqqvCkNLZf][o.s.c.t.s.ComputationStepExecutor] Update need issue sync for branch | status=SUCCESS | time=3ms
2023.06.05 11:33:47 INFO  ce[AYiLVYOE1BiqqvCkNLZf][o.s.c.t.s.ComputationStepExecutor] Compute total Project ncloc | status=SUCCESS | time=13ms
2023.06.05 11:33:47 INFO  ce[AYiLVYOE1BiqqvCkNLZf][o.s.c.t.s.ComputationStepExecutor] Publishing taint vulnerabilities events | status=SUCCESS | time=5ms
2023.06.05 11:33:47 INFO  ce[AYiLVYOE1BiqqvCkNLZf][o.s.c.t.s.ComputationStepExecutor] Send issue notifications | newIssuesNotifs=0 | newIssuesDeliveries=0 | myNewIssuesNotifs=0 | myNewIssuesDeliveries=0 | changesNotifs=0 | changesDeliveries=0 | status=SUCCESS | time=6ms
2023.06.05 11:33:47 INFO  ce[AYiLVYOE1BiqqvCkNLZf][o.s.c.t.s.ComputationStepExecutor] Publish task results | status=SUCCESS | time=0ms
2023.06.05 11:33:47 INFO  ce[AYiLVYOE1BiqqvCkNLZf][o.s.c.t.s.ComputationStepExecutor] Trigger refresh of Portfolios and Applications | status=SUCCESS | time=0ms
2023.06.05 11:33:47 INFO  ce[AYiLVYOE1BiqqvCkNLZf][o.s.c.t.p.a.p.PostProjectAnalysisTasksExecutor] Webhooks | globalWebhooks=0 | projectWebhooks=0 | status=SUCCESS | time=9ms
2023.06.05 11:33:47 INFO  ce[AYiLVYOE1BiqqvCkNLZf][o.s.c.t.CeWorkerImpl] Executed task | project=gr-backend | type=REPORT | id=AYiLVYOE1BiqqvCkNLZf | submitter=admin | status=SUCCESS | time=10395ms
2023.06.05 11:34:06 INFO  ce[][o.s.c.t.CeWorkerImpl] Execute task | project=gr-backend | type=REPORT | id=AYiLVfFl1BiqqvCkNLZg | submitter=admin
2023.06.05 11:34:06 INFO  ce[AYiLVfFl1BiqqvCkNLZg][o.s.c.t.s.ComputationStepExecutor] Extract report | status=SUCCESS | time=40ms
2023.06.05 11:34:06 INFO  ce[AYiLVfFl1BiqqvCkNLZg][o.s.c.t.s.ComputationStepExecutor] Persist scanner context | status=SUCCESS | time=9ms
2023.06.05 11:34:06 INFO  ce[AYiLVfFl1BiqqvCkNLZg][o.s.c.t.s.ComputationStepExecutor] Propagate analysis warnings from scanner report | status=SUCCESS | time=7ms
2023.06.05 11:34:06 INFO  ce[AYiLVfFl1BiqqvCkNLZg][o.s.c.t.s.ComputationStepExecutor] Generate analysis UUID | status=SUCCESS | time=0ms
2023.06.05 11:34:06 INFO  ce[AYiLVfFl1BiqqvCkNLZg][o.s.c.t.s.ComputationStepExecutor] Load analysis metadata | status=SUCCESS | time=11ms
2023.06.05 11:34:06 INFO  ce[AYiLVfFl1BiqqvCkNLZg][o.s.c.t.s.ComputationStepExecutor] Initialize | status=SUCCESS | time=0ms
2023.06.05 11:34:06 INFO  ce[AYiLVfFl1BiqqvCkNLZg][o.s.c.t.s.ComputationStepExecutor] Build tree of components | components=49 | status=SUCCESS | time=31ms
2023.06.05 11:34:06 INFO  ce[AYiLVfFl1BiqqvCkNLZg][o.s.c.t.s.ComputationStepExecutor] Validate project | status=SUCCESS | time=5ms
2023.06.05 11:34:09 INFO  ce[AYiLVfFl1BiqqvCkNLZg][o.s.c.t.s.ComputationStepExecutor] Load quality profiles | status=SUCCESS | time=3633ms
2023.06.05 11:34:09 INFO  ce[AYiLVfFl1BiqqvCkNLZg][o.s.c.t.s.ComputationStepExecutor] Load file hashes and statuses | status=SUCCESS | time=21ms
2023.06.05 11:34:09 INFO  ce[AYiLVfFl1BiqqvCkNLZg][o.s.c.t.s.ComputationStepExecutor] Load Quality gate | status=SUCCESS | time=8ms
2023.06.05 11:34:09 INFO  ce[AYiLVfFl1BiqqvCkNLZg][o.s.c.t.s.ComputationStepExecutor] Load new code period | status=SUCCESS | time=10ms
2023.06.05 11:34:09 INFO  ce[AYiLVfFl1BiqqvCkNLZg][o.s.c.t.s.ComputationStepExecutor] Detect file moves | reportFiles=33 | dbFiles=33 | addedFiles=0 | status=SUCCESS | time=8ms
2023.06.05 11:34:09 INFO  ce[AYiLVfFl1BiqqvCkNLZg][o.s.c.t.s.ComputationStepExecutor] Detect file moves in Pull Request scope | status=SUCCESS | time=0ms
2023.06.05 11:34:09 INFO  ce[AYiLVfFl1BiqqvCkNLZg][o.s.c.t.s.ComputationStepExecutor] Load duplications | duplications=0 | status=SUCCESS | time=8ms
2023.06.05 11:34:09 INFO  ce[AYiLVfFl1BiqqvCkNLZg][o.s.c.t.s.ComputationStepExecutor] Compute cross project duplications | status=SUCCESS | time=0ms
2023.06.05 11:34:10 INFO  ce[AYiLVfFl1BiqqvCkNLZg][o.s.c.t.s.ComputationStepExecutor] Compute size measures | status=SUCCESS | time=15ms
2023.06.05 11:34:10 INFO  ce[AYiLVfFl1BiqqvCkNLZg][o.s.c.t.s.ComputationStepExecutor] Compute new coverage | status=SUCCESS | time=101ms
2023.06.05 11:34:10 INFO  ce[AYiLVfFl1BiqqvCkNLZg][o.s.c.t.s.ComputationStepExecutor] Compute coverage measures | status=SUCCESS | time=5ms
2023.06.05 11:34:10 INFO  ce[AYiLVfFl1BiqqvCkNLZg][o.s.c.t.s.ComputationStepExecutor] Compute comment measures | status=SUCCESS | time=2ms
2023.06.05 11:34:10 INFO  ce[AYiLVfFl1BiqqvCkNLZg][o.s.c.t.s.ComputationStepExecutor] Compute duplication measures | status=SUCCESS | time=2ms
2023.06.05 11:34:10 INFO  ce[AYiLVfFl1BiqqvCkNLZg][o.s.c.t.s.ComputationStepExecutor] Compute size measures on new code | status=SUCCESS | time=38ms
2023.06.05 11:34:10 INFO  ce[AYiLVfFl1BiqqvCkNLZg][o.s.c.t.s.ComputationStepExecutor] Compute language distribution | status=SUCCESS | time=3ms
2023.06.05 11:34:10 INFO  ce[AYiLVfFl1BiqqvCkNLZg][o.s.c.t.s.ComputationStepExecutor] Compute test measures | status=SUCCESS | time=1ms
2023.06.05 11:34:10 INFO  ce[AYiLVfFl1BiqqvCkNLZg][o.s.c.t.s.ComputationStepExecutor] Compute complexity measures | status=SUCCESS | time=4ms
2023.06.05 11:34:10 INFO  ce[AYiLVfFl1BiqqvCkNLZg][o.s.c.t.s.ComputationStepExecutor] Load measure computers | status=SUCCESS | time=0ms
2023.06.05 11:34:10 INFO  ce[AYiLVfFl1BiqqvCkNLZg][o.s.c.t.s.ComputationStepExecutor] Compute Quality Profile status | status=SUCCESS | time=18ms
2023.06.05 11:34:10 INFO  ce[AYiLVfFl1BiqqvCkNLZg][o.s.c.t.s.ComputationStepExecutor] Execute component visitors | status=SUCCESS | time=286ms
2023.06.05 11:34:10 INFO  ce[AYiLVfFl1BiqqvCkNLZg][o.s.c.t.s.ComputationStepExecutor] Checks executed after computation of measures | status=SUCCESS | time=0ms
2023.06.05 11:34:10 INFO  ce[AYiLVfFl1BiqqvCkNLZg][o.s.c.t.s.ComputationStepExecutor] Compute Quality Gate measures | status=SUCCESS | time=4ms
2023.06.05 11:34:10 INFO  ce[AYiLVfFl1BiqqvCkNLZg][o.s.c.t.s.ComputationStepExecutor] Compute Quality profile measures | status=SUCCESS | time=1ms
2023.06.05 11:34:10 INFO  ce[AYiLVfFl1BiqqvCkNLZg][o.s.c.t.s.ComputationStepExecutor] Generate Quality profile events | status=SUCCESS | time=5ms
2023.06.05 11:34:10 INFO  ce[AYiLVfFl1BiqqvCkNLZg][o.s.c.t.s.ComputationStepExecutor] Generate Quality gate events | status=SUCCESS | time=4ms
2023.06.05 11:34:10 INFO  ce[AYiLVfFl1BiqqvCkNLZg][o.s.c.t.s.ComputationStepExecutor] Check upgrade possibility for not analyzed code files. | status=SUCCESS | time=0ms
2023.06.05 11:34:10 INFO  ce[AYiLVfFl1BiqqvCkNLZg][o.s.c.t.s.ComputationStepExecutor] Persist scanner analysis cache | status=SUCCESS | time=14ms
2023.06.05 11:34:10 INFO  ce[AYiLVfFl1BiqqvCkNLZg][o.s.c.t.s.ComputationStepExecutor] Persist components | status=SUCCESS | time=15ms
2023.06.05 11:34:10 INFO  ce[AYiLVfFl1BiqqvCkNLZg][o.s.c.t.s.ComputationStepExecutor] Persist analysis | status=SUCCESS | time=3ms
2023.06.05 11:34:10 INFO  ce[AYiLVfFl1BiqqvCkNLZg][o.s.c.t.s.ComputationStepExecutor] Persist analysis properties | status=SUCCESS | time=4ms
2023.06.05 11:34:10 INFO  ce[AYiLVfFl1BiqqvCkNLZg][o.s.c.t.s.ComputationStepExecutor] Persist measures | inserts=58 | status=SUCCESS | time=49ms
2023.06.05 11:34:11 INFO  ce[AYiLVfFl1BiqqvCkNLZg][o.s.c.t.s.ComputationStepExecutor] Persist live measures | insertsOrUpdates=2203 | status=SUCCESS | time=883ms
2023.06.05 11:34:11 INFO  ce[AYiLVfFl1BiqqvCkNLZg][o.s.c.t.s.ComputationStepExecutor] Persist duplication data | insertsOrUpdates=0 | status=SUCCESS | time=1ms
2023.06.05 11:34:11 INFO  ce[AYiLVfFl1BiqqvCkNLZg][o.s.c.t.s.ComputationStepExecutor] Persist new ad hoc Rules | status=SUCCESS | time=0ms
2023.06.05 11:34:11 INFO  ce[AYiLVfFl1BiqqvCkNLZg][o.s.c.t.s.ComputationStepExecutor] Persist issues | cacheSize=0 bytes | inserts=0 | updates=0 | merged=0 | status=SUCCESS | time=5ms
2023.06.05 11:34:11 INFO  ce[AYiLVfFl1BiqqvCkNLZg][o.s.c.t.s.ComputationStepExecutor] Delete issue changes | changes=0 | status=SUCCESS | time=0ms
2023.06.05 11:34:11 INFO  ce[AYiLVfFl1BiqqvCkNLZg][o.s.c.t.s.ComputationStepExecutor] Persist project links | status=SUCCESS | time=4ms
2023.06.05 11:34:11 INFO  ce[AYiLVfFl1BiqqvCkNLZg][o.s.c.t.s.ComputationStepExecutor] Persist events | status=SUCCESS | time=4ms
2023.06.05 11:34:11 INFO  ce[AYiLVfFl1BiqqvCkNLZg][o.s.c.t.s.ComputationStepExecutor] Persist sources | status=SUCCESS | time=77ms
2023.06.05 11:34:11 INFO  ce[AYiLVfFl1BiqqvCkNLZg][o.s.c.t.s.ComputationStepExecutor] Persist cross project duplications | status=SUCCESS | time=0ms
2023.06.05 11:34:11 INFO  ce[AYiLVfFl1BiqqvCkNLZg][o.s.c.t.s.ComputationStepExecutor] Enable analysis | status=SUCCESS | time=3ms
2023.06.05 11:34:11 INFO  ce[AYiLVfFl1BiqqvCkNLZg][o.s.c.t.s.ComputationStepExecutor] Update last usage date of quality profiles | status=SUCCESS | time=6ms
2023.06.05 11:34:11 INFO  ce[AYiLVfFl1BiqqvCkNLZg][o.s.c.t.s.ComputationStepExecutor] Purge db | status=SUCCESS | time=35ms
2023.06.05 11:34:13 INFO  ce[AYiLVfFl1BiqqvCkNLZg][o.s.c.t.s.ComputationStepExecutor] Index analysis | status=SUCCESS | time=1584ms
2023.06.05 11:34:13 INFO  ce[AYiLVfFl1BiqqvCkNLZg][o.s.c.t.s.ComputationStepExecutor] Update need issue sync for branch | status=SUCCESS | time=2ms
2023.06.05 11:34:13 INFO  ce[AYiLVfFl1BiqqvCkNLZg][o.s.c.t.s.ComputationStepExecutor] Compute total Project ncloc | status=SUCCESS | time=4ms
2023.06.05 11:34:13 INFO  ce[AYiLVfFl1BiqqvCkNLZg][o.s.c.t.s.ComputationStepExecutor] Publishing taint vulnerabilities events | status=SUCCESS | time=2ms
2023.06.05 11:34:13 INFO  ce[AYiLVfFl1BiqqvCkNLZg][o.s.c.t.s.ComputationStepExecutor] Send issue notifications | newIssuesNotifs=0 | newIssuesDeliveries=0 | myNewIssuesNotifs=0 | myNewIssuesDeliveries=0 | changesNotifs=0 | changesDeliveries=0 | status=SUCCESS | time=3ms
2023.06.05 11:34:13 INFO  ce[AYiLVfFl1BiqqvCkNLZg][o.s.c.t.s.ComputationStepExecutor] Publish task results | status=SUCCESS | time=0ms
2023.06.05 11:34:13 INFO  ce[AYiLVfFl1BiqqvCkNLZg][o.s.c.t.s.ComputationStepExecutor] Trigger refresh of Portfolios and Applications | status=SUCCESS | time=1ms
2023.06.05 11:34:13 INFO  ce[AYiLVfFl1BiqqvCkNLZg][o.s.c.t.p.a.p.PostProjectAnalysisTasksExecutor] Webhooks | globalWebhooks=0 | projectWebhooks=0 | status=SUCCESS | time=4ms
2023.06.05 11:34:13 INFO  ce[AYiLVfFl1BiqqvCkNLZg][o.s.c.t.CeWorkerImpl] Executed task | project=gr-backend | type=REPORT | id=AYiLVfFl1BiqqvCkNLZg | submitter=admin | status=SUCCESS | time=7358ms
2023.06.05 12:02:47 INFO  ce[][o.s.c.t.CeWorkerImpl] Execute task | project=gr-backend | type=REPORT | id=AYiLcC8r1BiqqvCkNLZh | submitter=admin
2023.06.05 12:02:47 INFO  ce[AYiLcC8r1BiqqvCkNLZh][o.s.c.t.s.ComputationStepExecutor] Extract report | status=SUCCESS | time=26ms
2023.06.05 12:02:47 INFO  ce[AYiLcC8r1BiqqvCkNLZh][o.s.c.t.s.ComputationStepExecutor] Persist scanner context | status=SUCCESS | time=4ms
2023.06.05 12:02:47 INFO  ce[AYiLcC8r1BiqqvCkNLZh][o.s.c.t.s.ComputationStepExecutor] Propagate analysis warnings from scanner report | status=SUCCESS | time=4ms
2023.06.05 12:02:47 INFO  ce[AYiLcC8r1BiqqvCkNLZh][o.s.c.t.s.ComputationStepExecutor] Generate analysis UUID | status=SUCCESS | time=0ms
2023.06.05 12:02:47 INFO  ce[AYiLcC8r1BiqqvCkNLZh][o.s.c.t.s.ComputationStepExecutor] Load analysis metadata | status=SUCCESS | time=4ms
2023.06.05 12:02:47 INFO  ce[AYiLcC8r1BiqqvCkNLZh][o.s.c.t.s.ComputationStepExecutor] Initialize | status=SUCCESS | time=0ms
2023.06.05 12:02:47 INFO  ce[AYiLcC8r1BiqqvCkNLZh][o.s.c.t.s.ComputationStepExecutor] Build tree of components | components=49 | status=SUCCESS | time=15ms
2023.06.05 12:02:47 INFO  ce[AYiLcC8r1BiqqvCkNLZh][o.s.c.t.s.ComputationStepExecutor] Validate project | status=SUCCESS | time=3ms
2023.06.05 12:02:49 INFO  ce[AYiLcC8r1BiqqvCkNLZh][o.s.c.t.s.ComputationStepExecutor] Load quality profiles | status=SUCCESS | time=2206ms
2023.06.05 12:02:49 INFO  ce[AYiLcC8r1BiqqvCkNLZh][o.s.c.t.s.ComputationStepExecutor] Load file hashes and statuses | status=SUCCESS | time=10ms
2023.06.05 12:02:49 INFO  ce[AYiLcC8r1BiqqvCkNLZh][o.s.c.t.s.ComputationStepExecutor] Load Quality gate | status=SUCCESS | time=6ms
2023.06.05 12:02:49 INFO  ce[AYiLcC8r1BiqqvCkNLZh][o.s.c.t.s.ComputationStepExecutor] Load new code period | status=SUCCESS | time=9ms
2023.06.05 12:02:49 INFO  ce[AYiLcC8r1BiqqvCkNLZh][o.s.c.t.s.ComputationStepExecutor] Detect file moves | reportFiles=33 | dbFiles=33 | addedFiles=0 | status=SUCCESS | time=4ms
2023.06.05 12:02:49 INFO  ce[AYiLcC8r1BiqqvCkNLZh][o.s.c.t.s.ComputationStepExecutor] Detect file moves in Pull Request scope | status=SUCCESS | time=0ms
2023.06.05 12:02:49 INFO  ce[AYiLcC8r1BiqqvCkNLZh][o.s.c.t.s.ComputationStepExecutor] Load duplications | duplications=0 | status=SUCCESS | time=2ms
2023.06.05 12:02:49 INFO  ce[AYiLcC8r1BiqqvCkNLZh][o.s.c.t.s.ComputationStepExecutor] Compute cross project duplications | status=SUCCESS | time=0ms
2023.06.05 12:02:49 INFO  ce[AYiLcC8r1BiqqvCkNLZh][o.s.c.t.s.ComputationStepExecutor] Compute size measures | status=SUCCESS | time=5ms
2023.06.05 12:02:49 INFO  ce[AYiLcC8r1BiqqvCkNLZh][o.s.c.t.s.ComputationStepExecutor] Compute new coverage | status=SUCCESS | time=70ms
2023.06.05 12:02:49 INFO  ce[AYiLcC8r1BiqqvCkNLZh][o.s.c.t.s.ComputationStepExecutor] Compute coverage measures | status=SUCCESS | time=2ms
2023.06.05 12:02:49 INFO  ce[AYiLcC8r1BiqqvCkNLZh][o.s.c.t.s.ComputationStepExecutor] Compute comment measures | status=SUCCESS | time=1ms
2023.06.05 12:02:49 INFO  ce[AYiLcC8r1BiqqvCkNLZh][o.s.c.t.s.ComputationStepExecutor] Compute duplication measures | status=SUCCESS | time=0ms
2023.06.05 12:02:49 INFO  ce[AYiLcC8r1BiqqvCkNLZh][o.s.c.t.s.ComputationStepExecutor] Compute size measures on new code | status=SUCCESS | time=18ms
2023.06.05 12:02:49 INFO  ce[AYiLcC8r1BiqqvCkNLZh][o.s.c.t.s.ComputationStepExecutor] Compute language distribution | status=SUCCESS | time=1ms
2023.06.05 12:02:49 INFO  ce[AYiLcC8r1BiqqvCkNLZh][o.s.c.t.s.ComputationStepExecutor] Compute test measures | status=SUCCESS | time=1ms
2023.06.05 12:02:49 INFO  ce[AYiLcC8r1BiqqvCkNLZh][o.s.c.t.s.ComputationStepExecutor] Compute complexity measures | status=SUCCESS | time=1ms
2023.06.05 12:02:49 INFO  ce[AYiLcC8r1BiqqvCkNLZh][o.s.c.t.s.ComputationStepExecutor] Load measure computers | status=SUCCESS | time=0ms
2023.06.05 12:02:49 INFO  ce[AYiLcC8r1BiqqvCkNLZh][o.s.c.t.s.ComputationStepExecutor] Compute Quality Profile status | status=SUCCESS | time=5ms
2023.06.05 12:02:49 INFO  ce[AYiLcC8r1BiqqvCkNLZh][o.s.c.t.s.ComputationStepExecutor] Execute component visitors | status=SUCCESS | time=125ms
2023.06.05 12:02:49 INFO  ce[AYiLcC8r1BiqqvCkNLZh][o.s.c.t.s.ComputationStepExecutor] Checks executed after computation of measures | status=SUCCESS | time=0ms
2023.06.05 12:02:49 INFO  ce[AYiLcC8r1BiqqvCkNLZh][o.s.c.t.s.ComputationStepExecutor] Compute Quality Gate measures | status=SUCCESS | time=14ms
2023.06.05 12:02:49 INFO  ce[AYiLcC8r1BiqqvCkNLZh][o.s.c.t.s.ComputationStepExecutor] Compute Quality profile measures | status=SUCCESS | time=0ms
2023.06.05 12:02:49 INFO  ce[AYiLcC8r1BiqqvCkNLZh][o.s.c.t.s.ComputationStepExecutor] Generate Quality profile events | status=SUCCESS | time=3ms
2023.06.05 12:02:49 INFO  ce[AYiLcC8r1BiqqvCkNLZh][o.s.c.t.s.ComputationStepExecutor] Generate Quality gate events | status=SUCCESS | time=2ms
2023.06.05 12:02:49 INFO  ce[AYiLcC8r1BiqqvCkNLZh][o.s.c.t.s.ComputationStepExecutor] Check upgrade possibility for not analyzed code files. | status=SUCCESS | time=0ms
2023.06.05 12:02:49 INFO  ce[AYiLcC8r1BiqqvCkNLZh][o.s.c.t.s.ComputationStepExecutor] Persist scanner analysis cache | status=SUCCESS | time=8ms
2023.06.05 12:02:49 INFO  ce[AYiLcC8r1BiqqvCkNLZh][o.s.c.t.s.ComputationStepExecutor] Persist components | status=SUCCESS | time=13ms
2023.06.05 12:02:49 INFO  ce[AYiLcC8r1BiqqvCkNLZh][o.s.c.t.s.ComputationStepExecutor] Persist analysis | status=SUCCESS | time=2ms
2023.06.05 12:02:49 INFO  ce[AYiLcC8r1BiqqvCkNLZh][o.s.c.t.s.ComputationStepExecutor] Persist analysis properties | status=SUCCESS | time=2ms
2023.06.05 12:02:49 INFO  ce[AYiLcC8r1BiqqvCkNLZh][o.s.c.t.s.ComputationStepExecutor] Persist measures | inserts=58 | status=SUCCESS | time=26ms
2023.06.05 12:02:50 INFO  ce[AYiLcC8r1BiqqvCkNLZh][o.s.c.t.s.ComputationStepExecutor] Persist live measures | insertsOrUpdates=2203 | status=SUCCESS | time=485ms
2023.06.05 12:02:50 INFO  ce[AYiLcC8r1BiqqvCkNLZh][o.s.c.t.s.ComputationStepExecutor] Persist duplication data | insertsOrUpdates=0 | status=SUCCESS | time=1ms
2023.06.05 12:02:50 INFO  ce[AYiLcC8r1BiqqvCkNLZh][o.s.c.t.s.ComputationStepExecutor] Persist new ad hoc Rules | status=SUCCESS | time=1ms
2023.06.05 12:02:50 INFO  ce[AYiLcC8r1BiqqvCkNLZh][o.s.c.t.s.ComputationStepExecutor] Persist issues | cacheSize=0 bytes | inserts=0 | updates=0 | merged=0 | status=SUCCESS | time=0ms
2023.06.05 12:02:50 INFO  ce[AYiLcC8r1BiqqvCkNLZh][o.s.c.t.s.ComputationStepExecutor] Delete issue changes | changes=0 | status=SUCCESS | time=0ms
2023.06.05 12:02:50 INFO  ce[AYiLcC8r1BiqqvCkNLZh][o.s.c.t.s.ComputationStepExecutor] Persist project links | status=SUCCESS | time=3ms
2023.06.05 12:02:50 INFO  ce[AYiLcC8r1BiqqvCkNLZh][o.s.c.t.s.ComputationStepExecutor] Persist events | status=SUCCESS | time=7ms
2023.06.05 12:02:50 INFO  ce[AYiLcC8r1BiqqvCkNLZh][o.s.c.t.s.ComputationStepExecutor] Persist sources | status=SUCCESS | time=68ms
2023.06.05 12:02:50 INFO  ce[AYiLcC8r1BiqqvCkNLZh][o.s.c.t.s.ComputationStepExecutor] Persist cross project duplications | status=SUCCESS | time=0ms
2023.06.05 12:02:50 INFO  ce[AYiLcC8r1BiqqvCkNLZh][o.s.c.t.s.ComputationStepExecutor] Enable analysis | status=SUCCESS | time=3ms
2023.06.05 12:02:50 INFO  ce[AYiLcC8r1BiqqvCkNLZh][o.s.c.t.s.ComputationStepExecutor] Update last usage date of quality profiles | status=SUCCESS | time=5ms
2023.06.05 12:02:50 INFO  ce[AYiLcC8r1BiqqvCkNLZh][o.s.c.t.s.ComputationStepExecutor] Purge db | status=SUCCESS | time=34ms
2023.06.05 12:02:52 INFO  ce[AYiLcC8r1BiqqvCkNLZh][o.s.c.t.s.ComputationStepExecutor] Index analysis | status=SUCCESS | time=1639ms
2023.06.05 12:02:52 INFO  ce[AYiLcC8r1BiqqvCkNLZh][o.s.c.t.s.ComputationStepExecutor] Update need issue sync for branch | status=SUCCESS | time=1ms
2023.06.05 12:02:52 INFO  ce[AYiLcC8r1BiqqvCkNLZh][o.s.c.t.s.ComputationStepExecutor] Compute total Project ncloc | status=SUCCESS | time=3ms
2023.06.05 12:02:52 INFO  ce[AYiLcC8r1BiqqvCkNLZh][o.s.c.t.s.ComputationStepExecutor] Publishing taint vulnerabilities events | status=SUCCESS | time=2ms
2023.06.05 12:02:52 INFO  ce[AYiLcC8r1BiqqvCkNLZh][o.s.c.t.s.ComputationStepExecutor] Send issue notifications | newIssuesNotifs=0 | newIssuesDeliveries=0 | myNewIssuesNotifs=0 | myNewIssuesDeliveries=0 | changesNotifs=0 | changesDeliveries=0 | status=SUCCESS | time=2ms
2023.06.05 12:02:52 INFO  ce[AYiLcC8r1BiqqvCkNLZh][o.s.c.t.s.ComputationStepExecutor] Publish task results | status=SUCCESS | time=0ms
2023.06.05 12:02:52 INFO  ce[AYiLcC8r1BiqqvCkNLZh][o.s.c.t.s.ComputationStepExecutor] Trigger refresh of Portfolios and Applications | status=SUCCESS | time=0ms
2023.06.05 12:02:52 INFO  ce[AYiLcC8r1BiqqvCkNLZh][o.s.c.t.p.a.p.PostProjectAnalysisTasksExecutor] Webhooks | globalWebhooks=0 | projectWebhooks=0 | status=SUCCESS | time=2ms
2023.06.05 12:02:52 INFO  ce[AYiLcC8r1BiqqvCkNLZh][o.s.c.t.CeWorkerImpl] Executed task | project=gr-backend | type=REPORT | id=AYiLcC8r1BiqqvCkNLZh | submitter=admin | status=SUCCESS | time=5066ms
2023.06.05 14:05:20 INFO  ce[][o.s.c.t.CeWorkerImpl] Execute task | project=gr-backend | type=REPORT | id=AYiL4GWU1BiqqvCkNLZi | submitter=admin
2023.06.05 14:05:20 INFO  ce[AYiL4GWU1BiqqvCkNLZi][o.s.c.t.s.ComputationStepExecutor] Extract report | status=SUCCESS | time=26ms
2023.06.05 14:05:20 INFO  ce[AYiL4GWU1BiqqvCkNLZi][o.s.c.t.s.ComputationStepExecutor] Persist scanner context | status=SUCCESS | time=7ms
2023.06.05 14:05:20 INFO  ce[AYiL4GWU1BiqqvCkNLZi][o.s.c.t.s.ComputationStepExecutor] Propagate analysis warnings from scanner report | status=SUCCESS | time=4ms
2023.06.05 14:05:20 INFO  ce[AYiL4GWU1BiqqvCkNLZi][o.s.c.t.s.ComputationStepExecutor] Generate analysis UUID | status=SUCCESS | time=0ms
2023.06.05 14:05:20 INFO  ce[AYiL4GWU1BiqqvCkNLZi][o.s.c.t.s.ComputationStepExecutor] Load analysis metadata | status=SUCCESS | time=3ms
2023.06.05 14:05:20 INFO  ce[AYiL4GWU1BiqqvCkNLZi][o.s.c.t.s.ComputationStepExecutor] Initialize | status=SUCCESS | time=0ms
2023.06.05 14:05:20 INFO  ce[AYiL4GWU1BiqqvCkNLZi][o.s.c.t.s.ComputationStepExecutor] Build tree of components | components=49 | status=SUCCESS | time=23ms
2023.06.05 14:05:20 INFO  ce[AYiL4GWU1BiqqvCkNLZi][o.s.c.t.s.ComputationStepExecutor] Validate project | status=SUCCESS | time=3ms
2023.06.05 14:05:22 INFO  ce[AYiL4GWU1BiqqvCkNLZi][o.s.c.t.s.ComputationStepExecutor] Load quality profiles | status=SUCCESS | time=2225ms
2023.06.05 14:05:22 INFO  ce[AYiL4GWU1BiqqvCkNLZi][o.s.c.t.s.ComputationStepExecutor] Load file hashes and statuses | status=SUCCESS | time=9ms
2023.06.05 14:05:22 INFO  ce[AYiL4GWU1BiqqvCkNLZi][o.s.c.t.s.ComputationStepExecutor] Load Quality gate | status=SUCCESS | time=4ms
2023.06.05 14:05:22 INFO  ce[AYiL4GWU1BiqqvCkNLZi][o.s.c.t.s.ComputationStepExecutor] Load new code period | status=SUCCESS | time=6ms
2023.06.05 14:05:22 INFO  ce[AYiL4GWU1BiqqvCkNLZi][o.s.c.t.s.ComputationStepExecutor] Detect file moves | reportFiles=33 | dbFiles=33 | addedFiles=0 | status=SUCCESS | time=4ms
2023.06.05 14:05:22 INFO  ce[AYiL4GWU1BiqqvCkNLZi][o.s.c.t.s.ComputationStepExecutor] Detect file moves in Pull Request scope | status=SUCCESS | time=1ms
2023.06.05 14:05:22 INFO  ce[AYiL4GWU1BiqqvCkNLZi][o.s.c.t.s.ComputationStepExecutor] Load duplications | duplications=0 | status=SUCCESS | time=1ms
2023.06.05 14:05:22 INFO  ce[AYiL4GWU1BiqqvCkNLZi][o.s.c.t.s.ComputationStepExecutor] Compute cross project duplications | status=SUCCESS | time=0ms
2023.06.05 14:05:22 INFO  ce[AYiL4GWU1BiqqvCkNLZi][o.s.c.t.s.ComputationStepExecutor] Compute size measures | status=SUCCESS | time=7ms
2023.06.05 14:05:22 INFO  ce[AYiL4GWU1BiqqvCkNLZi][o.s.c.t.s.ComputationStepExecutor] Compute new coverage | status=SUCCESS | time=77ms
2023.06.05 14:05:22 INFO  ce[AYiL4GWU1BiqqvCkNLZi][o.s.c.t.s.ComputationStepExecutor] Compute coverage measures | status=SUCCESS | time=3ms
2023.06.05 14:05:22 INFO  ce[AYiL4GWU1BiqqvCkNLZi][o.s.c.t.s.ComputationStepExecutor] Compute comment measures | status=SUCCESS | time=1ms
2023.06.05 14:05:22 INFO  ce[AYiL4GWU1BiqqvCkNLZi][o.s.c.t.s.ComputationStepExecutor] Compute duplication measures | status=SUCCESS | time=1ms
2023.06.05 14:05:22 INFO  ce[AYiL4GWU1BiqqvCkNLZi][o.s.c.t.s.ComputationStepExecutor] Compute size measures on new code | status=SUCCESS | time=27ms
2023.06.05 14:05:22 INFO  ce[AYiL4GWU1BiqqvCkNLZi][o.s.c.t.s.ComputationStepExecutor] Compute language distribution | status=SUCCESS | time=1ms
2023.06.05 14:05:22 INFO  ce[AYiL4GWU1BiqqvCkNLZi][o.s.c.t.s.ComputationStepExecutor] Compute test measures | status=SUCCESS | time=1ms
2023.06.05 14:05:22 INFO  ce[AYiL4GWU1BiqqvCkNLZi][o.s.c.t.s.ComputationStepExecutor] Compute complexity measures | status=SUCCESS | time=1ms
2023.06.05 14:05:22 INFO  ce[AYiL4GWU1BiqqvCkNLZi][o.s.c.t.s.ComputationStepExecutor] Load measure computers | status=SUCCESS | time=0ms
2023.06.05 14:05:22 INFO  ce[AYiL4GWU1BiqqvCkNLZi][o.s.c.t.s.ComputationStepExecutor] Compute Quality Profile status | status=SUCCESS | time=5ms
2023.06.05 14:05:22 INFO  ce[AYiL4GWU1BiqqvCkNLZi][o.s.c.t.s.ComputationStepExecutor] Execute component visitors | status=SUCCESS | time=156ms
2023.06.05 14:05:22 INFO  ce[AYiL4GWU1BiqqvCkNLZi][o.s.c.t.s.ComputationStepExecutor] Checks executed after computation of measures | status=SUCCESS | time=0ms
2023.06.05 14:05:22 INFO  ce[AYiL4GWU1BiqqvCkNLZi][o.s.c.t.s.ComputationStepExecutor] Compute Quality Gate measures | status=SUCCESS | time=15ms
2023.06.05 14:05:22 INFO  ce[AYiL4GWU1BiqqvCkNLZi][o.s.c.t.s.ComputationStepExecutor] Compute Quality profile measures | status=SUCCESS | time=1ms
2023.06.05 14:05:22 INFO  ce[AYiL4GWU1BiqqvCkNLZi][o.s.c.t.s.ComputationStepExecutor] Generate Quality profile events | status=SUCCESS | time=4ms
2023.06.05 14:05:22 INFO  ce[AYiL4GWU1BiqqvCkNLZi][o.s.c.t.s.ComputationStepExecutor] Generate Quality gate events | status=SUCCESS | time=2ms
2023.06.05 14:05:22 INFO  ce[AYiL4GWU1BiqqvCkNLZi][o.s.c.t.s.ComputationStepExecutor] Check upgrade possibility for not analyzed code files. | status=SUCCESS | time=0ms
2023.06.05 14:05:22 INFO  ce[AYiL4GWU1BiqqvCkNLZi][o.s.c.t.s.ComputationStepExecutor] Persist scanner analysis cache | status=SUCCESS | time=4ms
2023.06.05 14:05:22 INFO  ce[AYiL4GWU1BiqqvCkNLZi][o.s.c.t.s.ComputationStepExecutor] Persist components | status=SUCCESS | time=14ms
2023.06.05 14:05:22 INFO  ce[AYiL4GWU1BiqqvCkNLZi][o.s.c.t.s.ComputationStepExecutor] Persist analysis | status=SUCCESS | time=2ms
2023.06.05 14:05:22 INFO  ce[AYiL4GWU1BiqqvCkNLZi][o.s.c.t.s.ComputationStepExecutor] Persist analysis properties | status=SUCCESS | time=2ms
2023.06.05 14:05:23 INFO  ce[AYiL4GWU1BiqqvCkNLZi][o.s.c.t.s.ComputationStepExecutor] Persist measures | inserts=58 | status=SUCCESS | time=21ms
2023.06.05 14:05:23 INFO  ce[AYiL4GWU1BiqqvCkNLZi][o.s.c.t.s.ComputationStepExecutor] Persist live measures | insertsOrUpdates=2203 | status=SUCCESS | time=551ms
2023.06.05 14:05:23 INFO  ce[AYiL4GWU1BiqqvCkNLZi][o.s.c.t.s.ComputationStepExecutor] Persist duplication data | insertsOrUpdates=0 | status=SUCCESS | time=0ms
2023.06.05 14:05:23 INFO  ce[AYiL4GWU1BiqqvCkNLZi][o.s.c.t.s.ComputationStepExecutor] Persist new ad hoc Rules | status=SUCCESS | time=0ms
2023.06.05 14:05:23 INFO  ce[AYiL4GWU1BiqqvCkNLZi][o.s.c.t.s.ComputationStepExecutor] Persist issues | cacheSize=0 bytes | inserts=0 | updates=0 | merged=0 | status=SUCCESS | time=1ms
2023.06.05 14:05:23 INFO  ce[AYiL4GWU1BiqqvCkNLZi][o.s.c.t.s.ComputationStepExecutor] Delete issue changes | changes=0 | status=SUCCESS | time=0ms
2023.06.05 14:05:23 INFO  ce[AYiL4GWU1BiqqvCkNLZi][o.s.c.t.s.ComputationStepExecutor] Persist project links | status=SUCCESS | time=3ms
2023.06.05 14:05:23 INFO  ce[AYiL4GWU1BiqqvCkNLZi][o.s.c.t.s.ComputationStepExecutor] Persist events | status=SUCCESS | time=7ms
2023.06.05 14:05:23 INFO  ce[AYiL4GWU1BiqqvCkNLZi][o.s.c.t.s.ComputationStepExecutor] Persist sources | status=SUCCESS | time=97ms
2023.06.05 14:05:23 INFO  ce[AYiL4GWU1BiqqvCkNLZi][o.s.c.t.s.ComputationStepExecutor] Persist cross project duplications | status=SUCCESS | time=0ms
2023.06.05 14:05:23 INFO  ce[AYiL4GWU1BiqqvCkNLZi][o.s.c.t.s.ComputationStepExecutor] Enable analysis | status=SUCCESS | time=5ms
2023.06.05 14:05:23 INFO  ce[AYiL4GWU1BiqqvCkNLZi][o.s.c.t.s.ComputationStepExecutor] Update last usage date of quality profiles | status=SUCCESS | time=8ms
2023.06.05 14:05:23 INFO  ce[AYiL4GWU1BiqqvCkNLZi][o.s.c.t.s.ComputationStepExecutor] Purge db | status=SUCCESS | time=57ms
2023.06.05 14:05:25 INFO  ce[AYiL4GWU1BiqqvCkNLZi][o.s.c.t.s.ComputationStepExecutor] Index analysis | status=SUCCESS | time=1617ms
2023.06.05 14:05:25 INFO  ce[AYiL4GWU1BiqqvCkNLZi][o.s.c.t.s.ComputationStepExecutor] Update need issue sync for branch | status=SUCCESS | time=1ms
2023.06.05 14:05:25 INFO  ce[AYiL4GWU1BiqqvCkNLZi][o.s.c.t.s.ComputationStepExecutor] Compute total Project ncloc | status=SUCCESS | time=3ms
2023.06.05 14:05:25 INFO  ce[AYiL4GWU1BiqqvCkNLZi][o.s.c.t.s.ComputationStepExecutor] Publishing taint vulnerabilities events | status=SUCCESS | time=1ms
2023.06.05 14:05:25 INFO  ce[AYiL4GWU1BiqqvCkNLZi][o.s.c.t.s.ComputationStepExecutor] Send issue notifications | newIssuesNotifs=0 | newIssuesDeliveries=0 | myNewIssuesNotifs=0 | myNewIssuesDeliveries=0 | changesNotifs=0 | changesDeliveries=0 | status=SUCCESS | time=2ms
2023.06.05 14:05:25 INFO  ce[AYiL4GWU1BiqqvCkNLZi][o.s.c.t.s.ComputationStepExecutor] Publish task results | status=SUCCESS | time=0ms
2023.06.05 14:05:25 INFO  ce[AYiL4GWU1BiqqvCkNLZi][o.s.c.t.s.ComputationStepExecutor] Trigger refresh of Portfolios and Applications | status=SUCCESS | time=0ms
2023.06.05 14:05:25 INFO  ce[AYiL4GWU1BiqqvCkNLZi][o.s.c.t.p.a.p.PostProjectAnalysisTasksExecutor] Webhooks | globalWebhooks=0 | projectWebhooks=0 | status=SUCCESS | time=3ms
2023.06.05 14:05:25 INFO  ce[AYiL4GWU1BiqqvCkNLZi][o.s.c.t.CeWorkerImpl] Executed task | project=gr-backend | type=REPORT | id=AYiL4GWU1BiqqvCkNLZi | submitter=admin | status=SUCCESS | time=5269ms
2023.06.05 14:31:30 INFO  ce[][o.s.c.t.CeWorkerImpl] Execute task | project=gr-backend | type=REPORT | id=AYiL-Fwz1BiqqvCkNLZj | submitter=admin
2023.06.05 14:31:30 INFO  ce[AYiL-Fwz1BiqqvCkNLZj][o.s.c.t.s.ComputationStepExecutor] Extract report | status=SUCCESS | time=23ms
2023.06.05 14:31:30 INFO  ce[AYiL-Fwz1BiqqvCkNLZj][o.s.c.t.s.ComputationStepExecutor] Persist scanner context | status=SUCCESS | time=7ms
2023.06.05 14:31:30 INFO  ce[AYiL-Fwz1BiqqvCkNLZj][o.s.c.t.s.ComputationStepExecutor] Propagate analysis warnings from scanner report | status=SUCCESS | time=4ms
2023.06.05 14:31:30 INFO  ce[AYiL-Fwz1BiqqvCkNLZj][o.s.c.t.s.ComputationStepExecutor] Generate analysis UUID | status=SUCCESS | time=0ms
2023.06.05 14:31:30 INFO  ce[AYiL-Fwz1BiqqvCkNLZj][o.s.c.t.s.ComputationStepExecutor] Load analysis metadata | status=SUCCESS | time=4ms
2023.06.05 14:31:30 INFO  ce[AYiL-Fwz1BiqqvCkNLZj][o.s.c.t.s.ComputationStepExecutor] Initialize | status=SUCCESS | time=0ms
2023.06.05 14:31:30 INFO  ce[AYiL-Fwz1BiqqvCkNLZj][o.s.c.t.s.ComputationStepExecutor] Build tree of components | components=49 | status=SUCCESS | time=22ms
2023.06.05 14:31:30 INFO  ce[AYiL-Fwz1BiqqvCkNLZj][o.s.c.t.s.ComputationStepExecutor] Validate project | status=SUCCESS | time=3ms
2023.06.05 14:31:32 INFO  ce[AYiL-Fwz1BiqqvCkNLZj][o.s.c.t.s.ComputationStepExecutor] Load quality profiles | status=SUCCESS | time=1975ms
2023.06.05 14:31:32 INFO  ce[AYiL-Fwz1BiqqvCkNLZj][o.s.c.t.s.ComputationStepExecutor] Load file hashes and statuses | status=SUCCESS | time=11ms
2023.06.05 14:31:32 INFO  ce[AYiL-Fwz1BiqqvCkNLZj][o.s.c.t.s.ComputationStepExecutor] Load Quality gate | status=SUCCESS | time=4ms
2023.06.05 14:31:32 INFO  ce[AYiL-Fwz1BiqqvCkNLZj][o.s.c.t.s.ComputationStepExecutor] Load new code period | status=SUCCESS | time=4ms
2023.06.05 14:31:32 INFO  ce[AYiL-Fwz1BiqqvCkNLZj][o.s.c.t.s.ComputationStepExecutor] Detect file moves | reportFiles=33 | dbFiles=33 | addedFiles=0 | status=SUCCESS | time=8ms
2023.06.05 14:31:32 INFO  ce[AYiL-Fwz1BiqqvCkNLZj][o.s.c.t.s.ComputationStepExecutor] Detect file moves in Pull Request scope | status=SUCCESS | time=0ms
2023.06.05 14:31:32 INFO  ce[AYiL-Fwz1BiqqvCkNLZj][o.s.c.t.s.ComputationStepExecutor] Load duplications | duplications=0 | status=SUCCESS | time=1ms
2023.06.05 14:31:32 INFO  ce[AYiL-Fwz1BiqqvCkNLZj][o.s.c.t.s.ComputationStepExecutor] Compute cross project duplications | status=SUCCESS | time=0ms
2023.06.05 14:31:32 INFO  ce[AYiL-Fwz1BiqqvCkNLZj][o.s.c.t.s.ComputationStepExecutor] Compute size measures | status=SUCCESS | time=2ms
2023.06.05 14:31:32 INFO  ce[AYiL-Fwz1BiqqvCkNLZj][o.s.c.t.s.ComputationStepExecutor] Compute new coverage | status=SUCCESS | time=61ms
2023.06.05 14:31:32 INFO  ce[AYiL-Fwz1BiqqvCkNLZj][o.s.c.t.s.ComputationStepExecutor] Compute coverage measures | status=SUCCESS | time=1ms
2023.06.05 14:31:32 INFO  ce[AYiL-Fwz1BiqqvCkNLZj][o.s.c.t.s.ComputationStepExecutor] Compute comment measures | status=SUCCESS | time=1ms
2023.06.05 14:31:32 INFO  ce[AYiL-Fwz1BiqqvCkNLZj][o.s.c.t.s.ComputationStepExecutor] Compute duplication measures | status=SUCCESS | time=1ms
2023.06.05 14:31:32 INFO  ce[AYiL-Fwz1BiqqvCkNLZj][o.s.c.t.s.ComputationStepExecutor] Compute size measures on new code | status=SUCCESS | time=17ms
2023.06.05 14:31:32 INFO  ce[AYiL-Fwz1BiqqvCkNLZj][o.s.c.t.s.ComputationStepExecutor] Compute language distribution | status=SUCCESS | time=1ms
2023.06.05 14:31:32 INFO  ce[AYiL-Fwz1BiqqvCkNLZj][o.s.c.t.s.ComputationStepExecutor] Compute test measures | status=SUCCESS | time=0ms
2023.06.05 14:31:32 INFO  ce[AYiL-Fwz1BiqqvCkNLZj][o.s.c.t.s.ComputationStepExecutor] Compute complexity measures | status=SUCCESS | time=1ms
2023.06.05 14:31:32 INFO  ce[AYiL-Fwz1BiqqvCkNLZj][o.s.c.t.s.ComputationStepExecutor] Load measure computers | status=SUCCESS | time=0ms
2023.06.05 14:31:32 INFO  ce[AYiL-Fwz1BiqqvCkNLZj][o.s.c.t.s.ComputationStepExecutor] Compute Quality Profile status | status=SUCCESS | time=26ms
2023.06.05 14:31:32 INFO  ce[AYiL-Fwz1BiqqvCkNLZj][o.s.c.t.s.ComputationStepExecutor] Execute component visitors | status=SUCCESS | time=112ms
2023.06.05 14:31:32 INFO  ce[AYiL-Fwz1BiqqvCkNLZj][o.s.c.t.s.ComputationStepExecutor] Checks executed after computation of measures | status=SUCCESS | time=0ms
2023.06.05 14:31:32 INFO  ce[AYiL-Fwz1BiqqvCkNLZj][o.s.c.t.s.ComputationStepExecutor] Compute Quality Gate measures | status=SUCCESS | time=7ms
2023.06.05 14:31:32 INFO  ce[AYiL-Fwz1BiqqvCkNLZj][o.s.c.t.s.ComputationStepExecutor] Compute Quality profile measures | status=SUCCESS | time=0ms
2023.06.05 14:31:32 INFO  ce[AYiL-Fwz1BiqqvCkNLZj][o.s.c.t.s.ComputationStepExecutor] Generate Quality profile events | status=SUCCESS | time=2ms
2023.06.05 14:31:32 INFO  ce[AYiL-Fwz1BiqqvCkNLZj][o.s.c.t.s.ComputationStepExecutor] Generate Quality gate events | status=SUCCESS | time=2ms
2023.06.05 14:31:32 INFO  ce[AYiL-Fwz1BiqqvCkNLZj][o.s.c.t.s.ComputationStepExecutor] Check upgrade possibility for not analyzed code files. | status=SUCCESS | time=0ms
2023.06.05 14:31:32 INFO  ce[AYiL-Fwz1BiqqvCkNLZj][o.s.c.t.s.ComputationStepExecutor] Persist scanner analysis cache | status=SUCCESS | time=2ms
2023.06.05 14:31:32 INFO  ce[AYiL-Fwz1BiqqvCkNLZj][o.s.c.t.s.ComputationStepExecutor] Persist components | status=SUCCESS | time=7ms
2023.06.05 14:31:32 INFO  ce[AYiL-Fwz1BiqqvCkNLZj][o.s.c.t.s.ComputationStepExecutor] Persist analysis | status=SUCCESS | time=1ms
2023.06.05 14:31:32 INFO  ce[AYiL-Fwz1BiqqvCkNLZj][o.s.c.t.s.ComputationStepExecutor] Persist analysis properties | status=SUCCESS | time=2ms
2023.06.05 14:31:32 INFO  ce[AYiL-Fwz1BiqqvCkNLZj][o.s.c.t.s.ComputationStepExecutor] Persist measures | inserts=58 | status=SUCCESS | time=24ms
2023.06.05 14:31:33 INFO  ce[AYiL-Fwz1BiqqvCkNLZj][o.s.c.t.s.ComputationStepExecutor] Persist live measures | insertsOrUpdates=2203 | status=SUCCESS | time=602ms
2023.06.05 14:31:33 INFO  ce[AYiL-Fwz1BiqqvCkNLZj][o.s.c.t.s.ComputationStepExecutor] Persist duplication data | insertsOrUpdates=0 | status=SUCCESS | time=0ms
2023.06.05 14:31:33 INFO  ce[AYiL-Fwz1BiqqvCkNLZj][o.s.c.t.s.ComputationStepExecutor] Persist new ad hoc Rules | status=SUCCESS | time=0ms
2023.06.05 14:31:33 INFO  ce[AYiL-Fwz1BiqqvCkNLZj][o.s.c.t.s.ComputationStepExecutor] Persist issues | cacheSize=0 bytes | inserts=0 | updates=0 | merged=0 | status=SUCCESS | time=1ms
2023.06.05 14:31:33 INFO  ce[AYiL-Fwz1BiqqvCkNLZj][o.s.c.t.s.ComputationStepExecutor] Delete issue changes | changes=0 | status=SUCCESS | time=0ms
2023.06.05 14:31:33 INFO  ce[AYiL-Fwz1BiqqvCkNLZj][o.s.c.t.s.ComputationStepExecutor] Persist project links | status=SUCCESS | time=3ms
2023.06.05 14:31:33 INFO  ce[AYiL-Fwz1BiqqvCkNLZj][o.s.c.t.s.ComputationStepExecutor] Persist events | status=SUCCESS | time=2ms
2023.06.05 14:31:33 INFO  ce[AYiL-Fwz1BiqqvCkNLZj][o.s.c.t.s.ComputationStepExecutor] Persist sources | status=SUCCESS | time=36ms
2023.06.05 14:31:33 INFO  ce[AYiL-Fwz1BiqqvCkNLZj][o.s.c.t.s.ComputationStepExecutor] Persist cross project duplications | status=SUCCESS | time=0ms
2023.06.05 14:31:33 INFO  ce[AYiL-Fwz1BiqqvCkNLZj][o.s.c.t.s.ComputationStepExecutor] Enable analysis | status=SUCCESS | time=3ms
2023.06.05 14:31:33 INFO  ce[AYiL-Fwz1BiqqvCkNLZj][o.s.c.t.s.ComputationStepExecutor] Update last usage date of quality profiles | status=SUCCESS | time=5ms
2023.06.05 14:31:33 INFO  ce[AYiL-Fwz1BiqqvCkNLZj][o.s.c.t.s.ComputationStepExecutor] Purge db | status=SUCCESS | time=27ms
2023.06.05 14:31:35 INFO  ce[AYiL-Fwz1BiqqvCkNLZj][o.s.c.t.s.ComputationStepExecutor] Index analysis | status=SUCCESS | time=1563ms
2023.06.05 14:31:35 INFO  ce[AYiL-Fwz1BiqqvCkNLZj][o.s.c.t.s.ComputationStepExecutor] Update need issue sync for branch | status=SUCCESS | time=2ms
2023.06.05 14:31:35 INFO  ce[AYiL-Fwz1BiqqvCkNLZj][o.s.c.t.s.ComputationStepExecutor] Compute total Project ncloc | status=SUCCESS | time=4ms
2023.06.05 14:31:35 INFO  ce[AYiL-Fwz1BiqqvCkNLZj][o.s.c.t.s.ComputationStepExecutor] Publishing taint vulnerabilities events | status=SUCCESS | time=2ms
2023.06.05 14:31:35 INFO  ce[AYiL-Fwz1BiqqvCkNLZj][o.s.c.t.s.ComputationStepExecutor] Send issue notifications | newIssuesNotifs=0 | newIssuesDeliveries=0 | myNewIssuesNotifs=0 | myNewIssuesDeliveries=0 | changesNotifs=0 | changesDeliveries=0 | status=SUCCESS | time=3ms
2023.06.05 14:31:35 INFO  ce[AYiL-Fwz1BiqqvCkNLZj][o.s.c.t.s.ComputationStepExecutor] Publish task results | status=SUCCESS | time=0ms
2023.06.05 14:31:35 INFO  ce[AYiL-Fwz1BiqqvCkNLZj][o.s.c.t.s.ComputationStepExecutor] Trigger refresh of Portfolios and Applications | status=SUCCESS | time=0ms
2023.06.05 14:31:35 INFO  ce[AYiL-Fwz1BiqqvCkNLZj][o.s.c.t.p.a.p.PostProjectAnalysisTasksExecutor] Webhooks | globalWebhooks=0 | projectWebhooks=0 | status=SUCCESS | time=3ms
2023.06.05 14:31:35 INFO  ce[AYiL-Fwz1BiqqvCkNLZj][o.s.c.t.CeWorkerImpl] Executed task | project=gr-backend | type=REPORT | id=AYiL-Fwz1BiqqvCkNLZj | submitter=admin | status=SUCCESS | time=4760ms
