2023.06.04 02:44:38 INFO  ce[][o.s.c.t.CeWorkerImpl] Execute task | project=gr-backend | type=REPORT | id=AYiEStt75vBBUoky7x1k | submitter=admin
2023.06.04 02:44:39 INFO  ce[AYiEStt75vBBUoky7x1k][o.s.c.t.s.ComputationStepExecutor] Extract report | status=SUCCESS | time=41ms
2023.06.04 02:44:39 INFO  ce[AYiEStt75vBBUoky7x1k][o.s.c.t.s.ComputationStepExecutor] Persist scanner context | status=SUCCESS | time=9ms
2023.06.04 02:44:39 INFO  ce[AYiEStt75vBBUoky7x1k][o.s.c.t.s.ComputationStepExecutor] Propagate analysis warnings from scanner report | status=SUCCESS | time=27ms
2023.06.04 02:44:39 INFO  ce[AYiEStt75vBBUoky7x1k][o.s.c.t.s.ComputationStepExecutor] Generate analysis UUID | status=SUCCESS | time=0ms
2023.06.04 02:44:39 INFO  ce[AYiEStt75vBBUoky7x1k][o.s.c.t.s.ComputationStepExecutor] Load analysis metadata | status=SUCCESS | time=125ms
2023.06.04 02:44:39 INFO  ce[AYiEStt75vBBUoky7x1k][o.s.c.t.s.ComputationStepExecutor] Initialize | status=SUCCESS | time=0ms
2023.06.04 02:44:39 INFO  ce[AYiEStt75vBBUoky7x1k][o.s.c.t.s.ComputationStepExecutor] Build tree of components | components=49 | status=SUCCESS | time=154ms
2023.06.04 02:44:39 INFO  ce[AYiEStt75vBBUoky7x1k][o.s.c.t.s.ComputationStepExecutor] Validate project | status=SUCCESS | time=6ms
2023.06.04 02:44:39 INFO  ce[AYiEStt75vBBUoky7x1k][o.s.s.e.EsClientProvider] Connected to local Elasticsearch: [http://localhost:9001]
2023.06.04 02:44:43 INFO  ce[AYiEStt75vBBUoky7x1k][o.s.c.t.s.ComputationStepExecutor] Load quality profiles | status=SUCCESS | time=3447ms
2023.06.04 02:44:43 INFO  ce[AYiEStt75vBBUoky7x1k][o.s.c.t.s.ComputationStepExecutor] Load file hashes and statuses | status=SUCCESS | time=45ms
2023.06.04 02:44:43 INFO  ce[AYiEStt75vBBUoky7x1k][o.s.c.t.s.ComputationStepExecutor] Load Quality gate | status=SUCCESS | time=12ms
2023.06.04 02:44:43 INFO  ce[AYiEStt75vBBUoky7x1k][o.s.c.t.s.ComputationStepExecutor] Load new code period | status=SUCCESS | time=13ms
2023.06.04 02:44:43 INFO  ce[AYiEStt75vBBUoky7x1k][o.s.c.t.s.ComputationStepExecutor] Detect file moves | reportFiles=33 | dbFiles=22 | addedFiles=12 | movedFiles=0 | status=SUCCESS | time=15ms
2023.06.04 02:44:43 INFO  ce[AYiEStt75vBBUoky7x1k][o.s.c.t.s.ComputationStepExecutor] Detect file moves in Pull Request scope | status=SUCCESS | time=0ms
2023.06.04 02:44:43 INFO  ce[AYiEStt75vBBUoky7x1k][o.s.c.t.s.ComputationStepExecutor] Load duplications | duplications=0 | status=SUCCESS | time=5ms
2023.06.04 02:44:43 INFO  ce[AYiEStt75vBBUoky7x1k][o.s.c.t.s.ComputationStepExecutor] Compute cross project duplications | status=SUCCESS | time=0ms
2023.06.04 02:44:43 INFO  ce[AYiEStt75vBBUoky7x1k][o.s.c.t.s.ComputationStepExecutor] Compute size measures | status=SUCCESS | time=37ms
2023.06.04 02:44:43 INFO  ce[AYiEStt75vBBUoky7x1k][o.s.c.t.s.ComputationStepExecutor] Compute new coverage | status=SUCCESS | time=72ms
2023.06.04 02:44:43 INFO  ce[AYiEStt75vBBUoky7x1k][o.s.c.t.s.ComputationStepExecutor] Compute coverage measures | status=SUCCESS | time=5ms
2023.06.04 02:44:43 INFO  ce[AYiEStt75vBBUoky7x1k][o.s.c.t.s.ComputationStepExecutor] Compute comment measures | status=SUCCESS | time=2ms
2023.06.04 02:44:43 INFO  ce[AYiEStt75vBBUoky7x1k][o.s.c.t.s.ComputationStepExecutor] Compute duplication measures | status=SUCCESS | time=2ms
2023.06.04 02:44:43 INFO  ce[AYiEStt75vBBUoky7x1k][o.s.c.t.s.ComputationStepExecutor] Compute size measures on new code | status=SUCCESS | time=17ms
2023.06.04 02:44:43 INFO  ce[AYiEStt75vBBUoky7x1k][o.s.c.t.s.ComputationStepExecutor] Compute language distribution | status=SUCCESS | time=18ms
2023.06.04 02:44:43 INFO  ce[AYiEStt75vBBUoky7x1k][o.s.c.t.s.ComputationStepExecutor] Compute test measures | status=SUCCESS | time=2ms
2023.06.04 02:44:43 INFO  ce[AYiEStt75vBBUoky7x1k][o.s.c.t.s.ComputationStepExecutor] Compute complexity measures | status=SUCCESS | time=4ms
2023.06.04 02:44:43 INFO  ce[AYiEStt75vBBUoky7x1k][o.s.c.t.s.ComputationStepExecutor] Load measure computers | status=SUCCESS | time=4ms
2023.06.04 02:44:43 INFO  ce[AYiEStt75vBBUoky7x1k][o.s.c.t.s.ComputationStepExecutor] Compute Quality Profile status | status=SUCCESS | time=23ms
2023.06.04 02:44:44 INFO  ce[AYiEStt75vBBUoky7x1k][o.s.c.t.s.ComputationStepExecutor] Execute component visitors | status=SUCCESS | time=689ms
2023.06.04 02:44:44 INFO  ce[AYiEStt75vBBUoky7x1k][o.s.c.t.s.ComputationStepExecutor] Checks executed after computation of measures | status=SUCCESS | time=0ms
2023.06.04 02:44:44 INFO  ce[AYiEStt75vBBUoky7x1k][o.s.c.t.s.ComputationStepExecutor] Compute Quality Gate measures | status=SUCCESS | time=28ms
2023.06.04 02:44:44 INFO  ce[AYiEStt75vBBUoky7x1k][o.s.c.t.s.ComputationStepExecutor] Compute Quality profile measures | status=SUCCESS | time=3ms
2023.06.04 02:44:44 INFO  ce[AYiEStt75vBBUoky7x1k][o.s.c.t.s.ComputationStepExecutor] Generate Quality profile events | status=SUCCESS | time=6ms
2023.06.04 02:44:44 INFO  ce[AYiEStt75vBBUoky7x1k][o.s.c.t.s.ComputationStepExecutor] Generate Quality gate events | status=SUCCESS | time=4ms
2023.06.04 02:44:44 INFO  ce[AYiEStt75vBBUoky7x1k][o.s.c.t.s.ComputationStepExecutor] Check upgrade possibility for not analyzed code files. | status=SUCCESS | time=2ms
2023.06.04 02:44:44 INFO  ce[AYiEStt75vBBUoky7x1k][o.s.c.t.s.ComputationStepExecutor] Persist scanner analysis cache | status=SUCCESS | time=5ms
2023.06.04 02:44:44 INFO  ce[AYiEStt75vBBUoky7x1k][o.s.c.t.s.ComputationStepExecutor] Persist components | status=SUCCESS | time=57ms
2023.06.04 02:44:44 INFO  ce[AYiEStt75vBBUoky7x1k][o.s.c.t.s.ComputationStepExecutor] Persist analysis | status=SUCCESS | time=5ms
2023.06.04 02:44:44 INFO  ce[AYiEStt75vBBUoky7x1k][o.s.c.t.s.ComputationStepExecutor] Persist analysis properties | status=SUCCESS | time=10ms
2023.06.04 02:44:44 INFO  ce[AYiEStt75vBBUoky7x1k][o.s.c.t.s.ComputationStepExecutor] Persist measures | inserts=58 | status=SUCCESS | time=51ms
2023.06.04 02:44:45 INFO  ce[AYiEStt75vBBUoky7x1k][o.s.c.t.s.ComputationStepExecutor] Persist live measures | insertsOrUpdates=2202 | status=SUCCESS | time=932ms
2023.06.04 02:44:45 INFO  ce[AYiEStt75vBBUoky7x1k][o.s.c.t.s.ComputationStepExecutor] Persist duplication data | insertsOrUpdates=0 | status=SUCCESS | time=1ms
2023.06.04 02:44:45 INFO  ce[AYiEStt75vBBUoky7x1k][o.s.c.t.s.ComputationStepExecutor] Persist new ad hoc Rules | status=SUCCESS | time=1ms
2023.06.04 02:44:45 INFO  ce[AYiEStt75vBBUoky7x1k][o.s.c.t.s.ComputationStepExecutor] Persist issues | cacheSize=22.5 kB | inserts=22 | updates=16 | merged=0 | status=SUCCESS | time=59ms
2023.06.04 02:44:45 INFO  ce[AYiEStt75vBBUoky7x1k][o.s.c.t.s.ComputationStepExecutor] Delete issue changes | changes=0 | status=SUCCESS | time=0ms
2023.06.04 02:44:45 INFO  ce[AYiEStt75vBBUoky7x1k][o.s.c.t.s.ComputationStepExecutor] Persist project links | status=SUCCESS | time=7ms
2023.06.04 02:44:45 INFO  ce[AYiEStt75vBBUoky7x1k][o.s.c.t.s.ComputationStepExecutor] Persist events | status=SUCCESS | time=8ms
2023.06.04 02:44:46 INFO  ce[AYiEStt75vBBUoky7x1k][o.s.c.t.s.ComputationStepExecutor] Persist sources | status=SUCCESS | time=238ms
2023.06.04 02:44:46 INFO  ce[AYiEStt75vBBUoky7x1k][o.s.c.t.s.ComputationStepExecutor] Persist cross project duplications | status=SUCCESS | time=0ms
2023.06.04 02:44:46 INFO  ce[AYiEStt75vBBUoky7x1k][o.s.c.t.s.ComputationStepExecutor] Enable analysis | status=SUCCESS | time=5ms
2023.06.04 02:44:46 INFO  ce[AYiEStt75vBBUoky7x1k][o.s.c.t.s.ComputationStepExecutor] Update last usage date of quality profiles | status=SUCCESS | time=13ms
2023.06.04 02:44:47 INFO  ce[AYiEStt75vBBUoky7x1k][o.s.c.t.s.ComputationStepExecutor] Purge db | status=SUCCESS | time=1079ms
2023.06.04 02:44:49 INFO  ce[AYiEStt75vBBUoky7x1k][o.s.c.t.s.ComputationStepExecutor] Index analysis | status=SUCCESS | time=2168ms
2023.06.04 02:44:49 INFO  ce[AYiEStt75vBBUoky7x1k][o.s.c.t.s.ComputationStepExecutor] Update need issue sync for branch | status=SUCCESS | time=2ms
2023.06.04 02:44:49 INFO  ce[AYiEStt75vBBUoky7x1k][o.s.c.t.s.ComputationStepExecutor] Compute total Project ncloc | status=SUCCESS | time=11ms
2023.06.04 02:44:49 INFO  ce[AYiEStt75vBBUoky7x1k][o.s.c.t.s.ComputationStepExecutor] Publishing taint vulnerabilities events | status=SUCCESS | time=7ms
2023.06.04 02:44:49 INFO  ce[AYiEStt75vBBUoky7x1k][o.s.c.t.s.ComputationStepExecutor] Send issue notifications | newIssuesNotifs=0 | newIssuesDeliveries=0 | myNewIssuesNotifs=0 | myNewIssuesDeliveries=0 | changesNotifs=0 | changesDeliveries=0 | status=SUCCESS | time=7ms
2023.06.04 02:44:49 INFO  ce[AYiEStt75vBBUoky7x1k][o.s.c.t.s.ComputationStepExecutor] Publish task results | status=SUCCESS | time=0ms
2023.06.04 02:44:49 INFO  ce[AYiEStt75vBBUoky7x1k][o.s.c.t.s.ComputationStepExecutor] Trigger refresh of Portfolios and Applications | status=SUCCESS | time=0ms
2023.06.04 02:44:49 INFO  ce[AYiEStt75vBBUoky7x1k][o.s.c.t.p.a.p.PostProjectAnalysisTasksExecutor] Webhooks | globalWebhooks=0 | projectWebhooks=0 | status=SUCCESS | time=8ms
2023.06.04 02:44:49 INFO  ce[AYiEStt75vBBUoky7x1k][o.s.c.t.CeWorkerImpl] Executed task | project=gr-backend | type=REPORT | id=AYiEStt75vBBUoky7x1k | submitter=admin | status=SUCCESS | time=10813ms
2023.06.04 03:05:26 INFO  ce[][o.s.c.t.CeWorkerImpl] Execute task | project=gr-backend | type=REPORT | id=AYiEXeed5vBBUoky7x1l | submitter=admin
2023.06.04 03:05:26 INFO  ce[AYiEXeed5vBBUoky7x1l][o.s.c.t.s.ComputationStepExecutor] Extract report | status=SUCCESS | time=54ms
2023.06.04 03:05:26 INFO  ce[AYiEXeed5vBBUoky7x1l][o.s.c.t.s.ComputationStepExecutor] Persist scanner context | status=SUCCESS | time=10ms
2023.06.04 03:05:26 INFO  ce[AYiEXeed5vBBUoky7x1l][o.s.c.t.s.ComputationStepExecutor] Propagate analysis warnings from scanner report | status=SUCCESS | time=6ms
2023.06.04 03:05:26 INFO  ce[AYiEXeed5vBBUoky7x1l][o.s.c.t.s.ComputationStepExecutor] Generate analysis UUID | status=SUCCESS | time=0ms
2023.06.04 03:05:26 INFO  ce[AYiEXeed5vBBUoky7x1l][o.s.c.t.s.ComputationStepExecutor] Load analysis metadata | status=SUCCESS | time=7ms
2023.06.04 03:05:26 INFO  ce[AYiEXeed5vBBUoky7x1l][o.s.c.t.s.ComputationStepExecutor] Initialize | status=SUCCESS | time=0ms
2023.06.04 03:05:26 INFO  ce[AYiEXeed5vBBUoky7x1l][o.s.c.t.s.ComputationStepExecutor] Build tree of components | components=49 | status=SUCCESS | time=25ms
2023.06.04 03:05:26 INFO  ce[AYiEXeed5vBBUoky7x1l][o.s.c.t.s.ComputationStepExecutor] Validate project | status=SUCCESS | time=5ms
2023.06.04 03:05:33 INFO  ce[AYiEXeed5vBBUoky7x1l][o.s.c.t.s.ComputationStepExecutor] Load quality profiles | status=SUCCESS | time=6207ms
2023.06.04 03:05:33 INFO  ce[AYiEXeed5vBBUoky7x1l][o.s.c.t.s.ComputationStepExecutor] Load file hashes and statuses | status=SUCCESS | time=15ms
2023.06.04 03:05:33 INFO  ce[AYiEXeed5vBBUoky7x1l][o.s.c.t.s.ComputationStepExecutor] Load Quality gate | status=SUCCESS | time=7ms
2023.06.04 03:05:33 INFO  ce[AYiEXeed5vBBUoky7x1l][o.s.c.t.s.ComputationStepExecutor] Load new code period | status=SUCCESS | time=8ms
2023.06.04 03:05:33 INFO  ce[AYiEXeed5vBBUoky7x1l][o.s.c.t.s.ComputationStepExecutor] Detect file moves | reportFiles=33 | dbFiles=33 | addedFiles=0 | status=SUCCESS | time=8ms
2023.06.04 03:05:33 INFO  ce[AYiEXeed5vBBUoky7x1l][o.s.c.t.s.ComputationStepExecutor] Detect file moves in Pull Request scope | status=SUCCESS | time=0ms
2023.06.04 03:05:33 INFO  ce[AYiEXeed5vBBUoky7x1l][o.s.c.t.s.ComputationStepExecutor] Load duplications | duplications=0 | status=SUCCESS | time=2ms
2023.06.04 03:05:33 INFO  ce[AYiEXeed5vBBUoky7x1l][o.s.c.t.s.ComputationStepExecutor] Compute cross project duplications | status=SUCCESS | time=0ms
2023.06.04 03:05:33 INFO  ce[AYiEXeed5vBBUoky7x1l][o.s.c.t.s.ComputationStepExecutor] Compute size measures | status=SUCCESS | time=9ms
2023.06.04 03:05:33 INFO  ce[AYiEXeed5vBBUoky7x1l][o.s.c.t.s.ComputationStepExecutor] Compute new coverage | status=SUCCESS | time=144ms
2023.06.04 03:05:33 INFO  ce[AYiEXeed5vBBUoky7x1l][o.s.c.t.s.ComputationStepExecutor] Compute coverage measures | status=SUCCESS | time=7ms
2023.06.04 03:05:33 INFO  ce[AYiEXeed5vBBUoky7x1l][o.s.c.t.s.ComputationStepExecutor] Compute comment measures | status=SUCCESS | time=3ms
2023.06.04 03:05:33 INFO  ce[AYiEXeed5vBBUoky7x1l][o.s.c.t.s.ComputationStepExecutor] Compute duplication measures | status=SUCCESS | time=1ms
2023.06.04 03:05:33 INFO  ce[AYiEXeed5vBBUoky7x1l][o.s.c.t.s.ComputationStepExecutor] Compute size measures on new code | status=SUCCESS | time=47ms
2023.06.04 03:05:33 INFO  ce[AYiEXeed5vBBUoky7x1l][o.s.c.t.s.ComputationStepExecutor] Compute language distribution | status=SUCCESS | time=3ms
2023.06.04 03:05:33 INFO  ce[AYiEXeed5vBBUoky7x1l][o.s.c.t.s.ComputationStepExecutor] Compute test measures | status=SUCCESS | time=2ms
2023.06.04 03:05:33 INFO  ce[AYiEXeed5vBBUoky7x1l][o.s.c.t.s.ComputationStepExecutor] Compute complexity measures | status=SUCCESS | time=4ms
2023.06.04 03:05:33 INFO  ce[AYiEXeed5vBBUoky7x1l][o.s.c.t.s.ComputationStepExecutor] Load measure computers | status=SUCCESS | time=0ms
2023.06.04 03:05:33 INFO  ce[AYiEXeed5vBBUoky7x1l][o.s.c.t.s.ComputationStepExecutor] Compute Quality Profile status | status=SUCCESS | time=29ms
2023.06.04 03:05:33 INFO  ce[AYiEXeed5vBBUoky7x1l][o.s.c.t.s.ComputationStepExecutor] Execute component visitors | status=SUCCESS | time=317ms
2023.06.04 03:05:33 INFO  ce[AYiEXeed5vBBUoky7x1l][o.s.c.t.s.ComputationStepExecutor] Checks executed after computation of measures | status=SUCCESS | time=0ms
2023.06.04 03:05:33 INFO  ce[AYiEXeed5vBBUoky7x1l][o.s.c.t.s.ComputationStepExecutor] Compute Quality Gate measures | status=SUCCESS | time=14ms
2023.06.04 03:05:33 INFO  ce[AYiEXeed5vBBUoky7x1l][o.s.c.t.s.ComputationStepExecutor] Compute Quality profile measures | status=SUCCESS | time=1ms
2023.06.04 03:05:34 INFO  ce[AYiEXeed5vBBUoky7x1l][o.s.c.t.s.ComputationStepExecutor] Generate Quality profile events | status=SUCCESS | time=6ms
2023.06.04 03:05:34 INFO  ce[AYiEXeed5vBBUoky7x1l][o.s.c.t.s.ComputationStepExecutor] Generate Quality gate events | status=SUCCESS | time=5ms
2023.06.04 03:05:34 INFO  ce[AYiEXeed5vBBUoky7x1l][o.s.c.t.s.ComputationStepExecutor] Check upgrade possibility for not analyzed code files. | status=SUCCESS | time=0ms
2023.06.04 03:05:34 INFO  ce[AYiEXeed5vBBUoky7x1l][o.s.c.t.s.ComputationStepExecutor] Persist scanner analysis cache | status=SUCCESS | time=14ms
2023.06.04 03:05:34 INFO  ce[AYiEXeed5vBBUoky7x1l][o.s.c.t.s.ComputationStepExecutor] Persist components | status=SUCCESS | time=20ms
2023.06.04 03:05:34 INFO  ce[AYiEXeed5vBBUoky7x1l][o.s.c.t.s.ComputationStepExecutor] Persist analysis | status=SUCCESS | time=4ms
2023.06.04 03:05:34 INFO  ce[AYiEXeed5vBBUoky7x1l][o.s.c.t.s.ComputationStepExecutor] Persist analysis properties | status=SUCCESS | time=3ms
2023.06.04 03:05:34 INFO  ce[AYiEXeed5vBBUoky7x1l][o.s.c.t.s.ComputationStepExecutor] Persist measures | inserts=58 | status=SUCCESS | time=68ms
2023.06.04 03:05:35 INFO  ce[AYiEXeed5vBBUoky7x1l][o.s.c.t.s.ComputationStepExecutor] Persist live measures | insertsOrUpdates=2202 | status=SUCCESS | time=1393ms
2023.06.04 03:05:35 INFO  ce[AYiEXeed5vBBUoky7x1l][o.s.c.t.s.ComputationStepExecutor] Persist duplication data | insertsOrUpdates=0 | status=SUCCESS | time=0ms
2023.06.04 03:05:35 INFO  ce[AYiEXeed5vBBUoky7x1l][o.s.c.t.s.ComputationStepExecutor] Persist new ad hoc Rules | status=SUCCESS | time=0ms
2023.06.04 03:05:35 INFO  ce[AYiEXeed5vBBUoky7x1l][o.s.c.t.s.ComputationStepExecutor] Persist issues | cacheSize=0 bytes | inserts=0 | updates=0 | merged=0 | status=SUCCESS | time=10ms
2023.06.04 03:05:35 INFO  ce[AYiEXeed5vBBUoky7x1l][o.s.c.t.s.ComputationStepExecutor] Delete issue changes | changes=0 | status=SUCCESS | time=0ms
2023.06.04 03:05:35 INFO  ce[AYiEXeed5vBBUoky7x1l][o.s.c.t.s.ComputationStepExecutor] Persist project links | status=SUCCESS | time=6ms
2023.06.04 03:05:35 INFO  ce[AYiEXeed5vBBUoky7x1l][o.s.c.t.s.ComputationStepExecutor] Persist events | status=SUCCESS | time=7ms
2023.06.04 03:05:35 INFO  ce[AYiEXeed5vBBUoky7x1l][o.s.c.t.s.ComputationStepExecutor] Persist sources | status=SUCCESS | time=187ms
2023.06.04 03:05:35 INFO  ce[AYiEXeed5vBBUoky7x1l][o.s.c.t.s.ComputationStepExecutor] Persist cross project duplications | status=SUCCESS | time=0ms
2023.06.04 03:05:35 INFO  ce[AYiEXeed5vBBUoky7x1l][o.s.c.t.s.ComputationStepExecutor] Enable analysis | status=SUCCESS | time=5ms
2023.06.04 03:05:35 INFO  ce[AYiEXeed5vBBUoky7x1l][o.s.c.t.s.ComputationStepExecutor] Update last usage date of quality profiles | status=SUCCESS | time=13ms
2023.06.04 03:05:35 INFO  ce[AYiEXeed5vBBUoky7x1l][o.s.c.t.s.ComputationStepExecutor] Purge db | status=SUCCESS | time=79ms
2023.06.04 03:05:39 INFO  ce[AYiEXeed5vBBUoky7x1l][o.s.c.t.s.ComputationStepExecutor] Index analysis | status=SUCCESS | time=3125ms
2023.06.04 03:05:39 INFO  ce[AYiEXeed5vBBUoky7x1l][o.s.c.t.s.ComputationStepExecutor] Update need issue sync for branch | status=SUCCESS | time=2ms
2023.06.04 03:05:39 INFO  ce[AYiEXeed5vBBUoky7x1l][o.s.c.t.s.ComputationStepExecutor] Compute total Project ncloc | status=SUCCESS | time=5ms
2023.06.04 03:05:39 INFO  ce[AYiEXeed5vBBUoky7x1l][o.s.c.t.s.ComputationStepExecutor] Publishing taint vulnerabilities events | status=SUCCESS | time=4ms
2023.06.04 03:05:39 INFO  ce[AYiEXeed5vBBUoky7x1l][o.s.c.t.s.ComputationStepExecutor] Send issue notifications | newIssuesNotifs=0 | newIssuesDeliveries=0 | myNewIssuesNotifs=0 | myNewIssuesDeliveries=0 | changesNotifs=0 | changesDeliveries=0 | status=SUCCESS | time=4ms
2023.06.04 03:05:39 INFO  ce[AYiEXeed5vBBUoky7x1l][o.s.c.t.s.ComputationStepExecutor] Publish task results | status=SUCCESS | time=0ms
2023.06.04 03:05:39 INFO  ce[AYiEXeed5vBBUoky7x1l][o.s.c.t.s.ComputationStepExecutor] Trigger refresh of Portfolios and Applications | status=SUCCESS | time=0ms
2023.06.04 03:05:39 INFO  ce[AYiEXeed5vBBUoky7x1l][o.s.c.t.p.a.p.PostProjectAnalysisTasksExecutor] Webhooks | globalWebhooks=0 | projectWebhooks=0 | status=SUCCESS | time=6ms
2023.06.04 03:05:39 INFO  ce[AYiEXeed5vBBUoky7x1l][o.s.c.t.CeWorkerImpl] Executed task | project=gr-backend | type=REPORT | id=AYiEXeed5vBBUoky7x1l | submitter=admin | status=SUCCESS | time=12378ms
2023.06.04 03:26:04 INFO  ce[][o.s.p.ProcessEntryPoint] Gracefully stopping process
2023.06.04 03:26:04 INFO  ce[][o.s.ce.app.CeServer] Compute Engine is stopping...
2023.06.04 03:26:04 INFO  ce[][o.s.c.t.CeProcessingSchedulerImpl] Gracefully stopping workers...
2023.06.04 03:26:04 INFO  ce[][c.z.h.HikariDataSource] HikariPool-1 - Shutdown initiated...
2023.06.04 03:26:04 INFO  ce[][c.z.h.HikariDataSource] HikariPool-1 - Shutdown completed.
2023.06.04 03:26:04 INFO  ce[][o.s.ce.app.CeServer] Compute Engine is stopped
