2023.06.04 01:57:42 INFO  web[AYiDsMy7MbF0wvS5AABV][o.s.u.c.UpdateCenter] The plugin 'config' version : 1.2.0.267 has not been found on the update center.
2023.06.04 01:57:42 INFO  web[AYiDsMy7MbF0wvS5AABV][o.s.u.c.UpdateCenter] The plugin 'csharp' version : 8.51.0.59060 has not been found on the update center.
2023.06.04 01:57:42 INFO  web[AYiDsMy7MbF0wvS5AABV][o.s.u.c.UpdateCenter] The plugin 'flex' version : 2.8.0.3166 has not been found on the update center.
2023.06.04 01:57:42 INFO  web[AYiDsMy7MbF0wvS5AABV][o.s.u.c.UpdateCenter] The plugin 'go' version : 1.11.0.3905 has not been found on the update center.
2023.06.04 01:57:42 INFO  web[AYiDsMy7MbF0wvS5AABV][o.s.u.c.UpdateCenter] The plugin 'iac' version : 1.11.0.2847 has not been found on the update center.
2023.06.04 01:57:42 INFO  web[AYiDsMy7MbF0wvS5AABV][o.s.u.c.UpdateCenter] The plugin 'jacoco' version : 1.3.0.1538 has not been found on the update center.
2023.06.04 01:57:42 INFO  web[AYiDsMy7MbF0wvS5AABV][o.s.u.c.UpdateCenter] The plugin 'java' version : 7.16.0.30901 has not been found on the update center.
2023.06.04 01:57:42 INFO  web[AYiDsMy7MbF0wvS5AABV][o.s.u.c.UpdateCenter] The plugin 'javascript' version : 9.13.0.20537 has not been found on the update center.
2023.06.04 01:57:42 INFO  web[AYiDsMy7MbF0wvS5AABV][o.s.u.c.UpdateCenter] The plugin 'kotlin' version : 2.12.0.1956 has not been found on the update center.
2023.06.04 01:57:42 INFO  web[AYiDsMy7MbF0wvS5AABV][o.s.u.c.UpdateCenter] The plugin 'php' version : 3.27.1.9352 has not been found on the update center.
2023.06.04 01:57:42 INFO  web[AYiDsMy7MbF0wvS5AABV][o.s.u.c.UpdateCenter] The plugin 'python' version : 3.24.0.10784 has not been found on the update center.
2023.06.04 01:57:42 INFO  web[AYiDsMy7MbF0wvS5AABV][o.s.u.c.UpdateCenter] The plugin 'ruby' version : 1.11.0.3905 has not been found on the update center.
2023.06.04 01:57:42 INFO  web[AYiDsMy7MbF0wvS5AABV][o.s.u.c.UpdateCenter] The plugin 'sonarscala' version : 1.11.0.3905 has not been found on the update center.
2023.06.04 01:57:42 INFO  web[AYiDsMy7MbF0wvS5AABV][o.s.u.c.UpdateCenter] The plugin 'text' version : 2.0.2.1090 has not been found on the update center.
2023.06.04 01:57:42 INFO  web[AYiDsMy7MbF0wvS5AABV][o.s.u.c.UpdateCenter] The plugin 'vbnet' version : 8.51.0.59060 has not been found on the update center.
2023.06.04 01:57:42 INFO  web[AYiDsMy7MbF0wvS5AABV][o.s.u.c.UpdateCenter] The plugin 'web' version : 3.7.1.3306 has not been found on the update center.
2023.06.04 01:57:42 INFO  web[AYiDsMy7MbF0wvS5AABV][o.s.u.c.UpdateCenter] The plugin 'xml' version : 2.7.0.3820 has not been found on the update center.
2023.06.04 01:59:48 INFO  web[AYiDsMy7MbF0wvS5AABq][o.s.u.c.UpdateCenter] The plugin 'config' version : 1.2.0.267 has not been found on the update center.
2023.06.04 01:59:48 INFO  web[AYiDsMy7MbF0wvS5AABq][o.s.u.c.UpdateCenter] The plugin 'csharp' version : 8.51.0.59060 has not been found on the update center.
2023.06.04 01:59:48 INFO  web[AYiDsMy7MbF0wvS5AABq][o.s.u.c.UpdateCenter] The plugin 'flex' version : 2.8.0.3166 has not been found on the update center.
2023.06.04 01:59:48 INFO  web[AYiDsMy7MbF0wvS5AABq][o.s.u.c.UpdateCenter] The plugin 'go' version : 1.11.0.3905 has not been found on the update center.
2023.06.04 01:59:48 INFO  web[AYiDsMy7MbF0wvS5AABq][o.s.u.c.UpdateCenter] The plugin 'iac' version : 1.11.0.2847 has not been found on the update center.
2023.06.04 01:59:48 INFO  web[AYiDsMy7MbF0wvS5AABq][o.s.u.c.UpdateCenter] The plugin 'jacoco' version : 1.3.0.1538 has not been found on the update center.
2023.06.04 01:59:48 INFO  web[AYiDsMy7MbF0wvS5AABq][o.s.u.c.UpdateCenter] The plugin 'java' version : 7.16.0.30901 has not been found on the update center.
2023.06.04 01:59:48 INFO  web[AYiDsMy7MbF0wvS5AABq][o.s.u.c.UpdateCenter] The plugin 'javascript' version : 9.13.0.20537 has not been found on the update center.
2023.06.04 01:59:48 INFO  web[AYiDsMy7MbF0wvS5AABq][o.s.u.c.UpdateCenter] The plugin 'kotlin' version : 2.12.0.1956 has not been found on the update center.
2023.06.04 01:59:48 INFO  web[AYiDsMy7MbF0wvS5AABq][o.s.u.c.UpdateCenter] The plugin 'php' version : 3.27.1.9352 has not been found on the update center.
2023.06.04 01:59:48 INFO  web[AYiDsMy7MbF0wvS5AABq][o.s.u.c.UpdateCenter] The plugin 'python' version : 3.24.0.10784 has not been found on the update center.
2023.06.04 01:59:48 INFO  web[AYiDsMy7MbF0wvS5AABq][o.s.u.c.UpdateCenter] The plugin 'ruby' version : 1.11.0.3905 has not been found on the update center.
2023.06.04 01:59:48 INFO  web[AYiDsMy7MbF0wvS5AABq][o.s.u.c.UpdateCenter] The plugin 'sonarscala' version : 1.11.0.3905 has not been found on the update center.
2023.06.04 01:59:48 INFO  web[AYiDsMy7MbF0wvS5AABq][o.s.u.c.UpdateCenter] The plugin 'text' version : 2.0.2.1090 has not been found on the update center.
2023.06.04 01:59:48 INFO  web[AYiDsMy7MbF0wvS5AABq][o.s.u.c.UpdateCenter] The plugin 'vbnet' version : 8.51.0.59060 has not been found on the update center.
2023.06.04 01:59:48 INFO  web[AYiDsMy7MbF0wvS5AABq][o.s.u.c.UpdateCenter] The plugin 'web' version : 3.7.1.3306 has not been found on the update center.
2023.06.04 01:59:48 INFO  web[AYiDsMy7MbF0wvS5AABq][o.s.u.c.UpdateCenter] The plugin 'xml' version : 2.7.0.3820 has not been found on the update center.
2023.06.04 02:07:46 INFO  web[AYiDsMy7MbF0wvS5AAB6][o.s.u.c.UpdateCenter] The plugin 'config' version : 1.2.0.267 has not been found on the update center.
2023.06.04 02:07:46 INFO  web[AYiDsMy7MbF0wvS5AAB6][o.s.u.c.UpdateCenter] The plugin 'csharp' version : 8.51.0.59060 has not been found on the update center.
2023.06.04 02:07:46 INFO  web[AYiDsMy7MbF0wvS5AAB6][o.s.u.c.UpdateCenter] The plugin 'flex' version : 2.8.0.3166 has not been found on the update center.
2023.06.04 02:07:46 INFO  web[AYiDsMy7MbF0wvS5AAB6][o.s.u.c.UpdateCenter] The plugin 'go' version : 1.11.0.3905 has not been found on the update center.
2023.06.04 02:07:46 INFO  web[AYiDsMy7MbF0wvS5AAB6][o.s.u.c.UpdateCenter] The plugin 'iac' version : 1.11.0.2847 has not been found on the update center.
2023.06.04 02:07:46 INFO  web[AYiDsMy7MbF0wvS5AAB6][o.s.u.c.UpdateCenter] The plugin 'jacoco' version : 1.3.0.1538 has not been found on the update center.
2023.06.04 02:07:46 INFO  web[AYiDsMy7MbF0wvS5AAB6][o.s.u.c.UpdateCenter] The plugin 'java' version : 7.16.0.30901 has not been found on the update center.
2023.06.04 02:07:46 INFO  web[AYiDsMy7MbF0wvS5AAB6][o.s.u.c.UpdateCenter] The plugin 'javascript' version : 9.13.0.20537 has not been found on the update center.
2023.06.04 02:07:46 INFO  web[AYiDsMy7MbF0wvS5AAB6][o.s.u.c.UpdateCenter] The plugin 'kotlin' version : 2.12.0.1956 has not been found on the update center.
2023.06.04 02:07:46 INFO  web[AYiDsMy7MbF0wvS5AAB6][o.s.u.c.UpdateCenter] The plugin 'php' version : 3.27.1.9352 has not been found on the update center.
2023.06.04 02:07:46 INFO  web[AYiDsMy7MbF0wvS5AAB6][o.s.u.c.UpdateCenter] The plugin 'python' version : 3.24.0.10784 has not been found on the update center.
2023.06.04 02:07:46 INFO  web[AYiDsMy7MbF0wvS5AAB6][o.s.u.c.UpdateCenter] The plugin 'ruby' version : 1.11.0.3905 has not been found on the update center.
2023.06.04 02:07:46 INFO  web[AYiDsMy7MbF0wvS5AAB6][o.s.u.c.UpdateCenter] The plugin 'sonarscala' version : 1.11.0.3905 has not been found on the update center.
2023.06.04 02:07:46 INFO  web[AYiDsMy7MbF0wvS5AAB6][o.s.u.c.UpdateCenter] The plugin 'text' version : 2.0.2.1090 has not been found on the update center.
2023.06.04 02:07:46 INFO  web[AYiDsMy7MbF0wvS5AAB6][o.s.u.c.UpdateCenter] The plugin 'vbnet' version : 8.51.0.59060 has not been found on the update center.
2023.06.04 02:07:46 INFO  web[AYiDsMy7MbF0wvS5AAB6][o.s.u.c.UpdateCenter] The plugin 'web' version : 3.7.1.3306 has not been found on the update center.
2023.06.04 02:07:46 INFO  web[AYiDsMy7MbF0wvS5AAB6][o.s.u.c.UpdateCenter] The plugin 'xml' version : 2.7.0.3820 has not been found on the update center.
2023.06.04 02:39:19 INFO  web[AYiDsMy7MbF0wvS5AAC0][o.s.u.c.UpdateCenter] The plugin 'config' version : 1.2.0.267 has not been found on the update center.
2023.06.04 02:39:19 INFO  web[AYiDsMy7MbF0wvS5AAC0][o.s.u.c.UpdateCenter] The plugin 'csharp' version : 8.51.0.59060 has not been found on the update center.
2023.06.04 02:39:19 INFO  web[AYiDsMy7MbF0wvS5AAC0][o.s.u.c.UpdateCenter] The plugin 'flex' version : 2.8.0.3166 has not been found on the update center.
2023.06.04 02:39:19 INFO  web[AYiDsMy7MbF0wvS5AAC0][o.s.u.c.UpdateCenter] The plugin 'go' version : 1.11.0.3905 has not been found on the update center.
2023.06.04 02:39:19 INFO  web[AYiDsMy7MbF0wvS5AAC0][o.s.u.c.UpdateCenter] The plugin 'iac' version : 1.11.0.2847 has not been found on the update center.
2023.06.04 02:39:19 INFO  web[AYiDsMy7MbF0wvS5AAC0][o.s.u.c.UpdateCenter] The plugin 'jacoco' version : 1.3.0.1538 has not been found on the update center.
2023.06.04 02:39:19 INFO  web[AYiDsMy7MbF0wvS5AAC0][o.s.u.c.UpdateCenter] The plugin 'java' version : 7.16.0.30901 has not been found on the update center.
2023.06.04 02:39:19 INFO  web[AYiDsMy7MbF0wvS5AAC0][o.s.u.c.UpdateCenter] The plugin 'javascript' version : 9.13.0.20537 has not been found on the update center.
2023.06.04 02:39:19 INFO  web[AYiDsMy7MbF0wvS5AAC0][o.s.u.c.UpdateCenter] The plugin 'kotlin' version : 2.12.0.1956 has not been found on the update center.
2023.06.04 02:39:19 INFO  web[AYiDsMy7MbF0wvS5AAC0][o.s.u.c.UpdateCenter] The plugin 'php' version : 3.27.1.9352 has not been found on the update center.
2023.06.04 02:39:19 INFO  web[AYiDsMy7MbF0wvS5AAC0][o.s.u.c.UpdateCenter] The plugin 'python' version : 3.24.0.10784 has not been found on the update center.
2023.06.04 02:39:19 INFO  web[AYiDsMy7MbF0wvS5AAC0][o.s.u.c.UpdateCenter] The plugin 'ruby' version : 1.11.0.3905 has not been found on the update center.
2023.06.04 02:39:19 INFO  web[AYiDsMy7MbF0wvS5AAC0][o.s.u.c.UpdateCenter] The plugin 'sonarscala' version : 1.11.0.3905 has not been found on the update center.
2023.06.04 02:39:19 INFO  web[AYiDsMy7MbF0wvS5AAC0][o.s.u.c.UpdateCenter] The plugin 'text' version : 2.0.2.1090 has not been found on the update center.
2023.06.04 02:39:19 INFO  web[AYiDsMy7MbF0wvS5AAC0][o.s.u.c.UpdateCenter] The plugin 'vbnet' version : 8.51.0.59060 has not been found on the update center.
2023.06.04 02:39:19 INFO  web[AYiDsMy7MbF0wvS5AAC0][o.s.u.c.UpdateCenter] The plugin 'web' version : 3.7.1.3306 has not been found on the update center.
2023.06.04 02:39:19 INFO  web[AYiDsMy7MbF0wvS5AAC0][o.s.u.c.UpdateCenter] The plugin 'xml' version : 2.7.0.3820 has not been found on the update center.
2023.06.04 02:46:13 INFO  web[AYiDsMy7MbF0wvS5AADG][o.s.u.c.UpdateCenter] The plugin 'config' version : 1.2.0.267 has not been found on the update center.
2023.06.04 02:46:13 INFO  web[AYiDsMy7MbF0wvS5AADG][o.s.u.c.UpdateCenter] The plugin 'csharp' version : 8.51.0.59060 has not been found on the update center.
2023.06.04 02:46:13 INFO  web[AYiDsMy7MbF0wvS5AADG][o.s.u.c.UpdateCenter] The plugin 'flex' version : 2.8.0.3166 has not been found on the update center.
2023.06.04 02:46:13 INFO  web[AYiDsMy7MbF0wvS5AADG][o.s.u.c.UpdateCenter] The plugin 'go' version : 1.11.0.3905 has not been found on the update center.
2023.06.04 02:46:13 INFO  web[AYiDsMy7MbF0wvS5AADG][o.s.u.c.UpdateCenter] The plugin 'iac' version : 1.11.0.2847 has not been found on the update center.
2023.06.04 02:46:13 INFO  web[AYiDsMy7MbF0wvS5AADG][o.s.u.c.UpdateCenter] The plugin 'jacoco' version : 1.3.0.1538 has not been found on the update center.
2023.06.04 02:46:13 INFO  web[AYiDsMy7MbF0wvS5AADG][o.s.u.c.UpdateCenter] The plugin 'java' version : 7.16.0.30901 has not been found on the update center.
2023.06.04 02:46:13 INFO  web[AYiDsMy7MbF0wvS5AADG][o.s.u.c.UpdateCenter] The plugin 'javascript' version : 9.13.0.20537 has not been found on the update center.
2023.06.04 02:46:13 INFO  web[AYiDsMy7MbF0wvS5AADG][o.s.u.c.UpdateCenter] The plugin 'kotlin' version : 2.12.0.1956 has not been found on the update center.
2023.06.04 02:46:13 INFO  web[AYiDsMy7MbF0wvS5AADG][o.s.u.c.UpdateCenter] The plugin 'php' version : 3.27.1.9352 has not been found on the update center.
2023.06.04 02:46:13 INFO  web[AYiDsMy7MbF0wvS5AADG][o.s.u.c.UpdateCenter] The plugin 'python' version : 3.24.0.10784 has not been found on the update center.
2023.06.04 02:46:13 INFO  web[AYiDsMy7MbF0wvS5AADG][o.s.u.c.UpdateCenter] The plugin 'ruby' version : 1.11.0.3905 has not been found on the update center.
2023.06.04 02:46:13 INFO  web[AYiDsMy7MbF0wvS5AADG][o.s.u.c.UpdateCenter] The plugin 'sonarscala' version : 1.11.0.3905 has not been found on the update center.
2023.06.04 02:46:13 INFO  web[AYiDsMy7MbF0wvS5AADG][o.s.u.c.UpdateCenter] The plugin 'text' version : 2.0.2.1090 has not been found on the update center.
2023.06.04 02:46:13 INFO  web[AYiDsMy7MbF0wvS5AADG][o.s.u.c.UpdateCenter] The plugin 'vbnet' version : 8.51.0.59060 has not been found on the update center.
2023.06.04 02:46:13 INFO  web[AYiDsMy7MbF0wvS5AADG][o.s.u.c.UpdateCenter] The plugin 'web' version : 3.7.1.3306 has not been found on the update center.
2023.06.04 02:46:13 INFO  web[AYiDsMy7MbF0wvS5AADG][o.s.u.c.UpdateCenter] The plugin 'xml' version : 2.7.0.3820 has not been found on the update center.
2023.06.04 02:46:50 INFO  web[AYiDsMy7MbF0wvS5AADc][o.s.u.c.UpdateCenter] The plugin 'config' version : 1.2.0.267 has not been found on the update center.
2023.06.04 02:46:50 INFO  web[AYiDsMy7MbF0wvS5AADc][o.s.u.c.UpdateCenter] The plugin 'csharp' version : 8.51.0.59060 has not been found on the update center.
2023.06.04 02:46:50 INFO  web[AYiDsMy7MbF0wvS5AADc][o.s.u.c.UpdateCenter] The plugin 'flex' version : 2.8.0.3166 has not been found on the update center.
2023.06.04 02:46:50 INFO  web[AYiDsMy7MbF0wvS5AADc][o.s.u.c.UpdateCenter] The plugin 'go' version : 1.11.0.3905 has not been found on the update center.
2023.06.04 02:46:50 INFO  web[AYiDsMy7MbF0wvS5AADc][o.s.u.c.UpdateCenter] The plugin 'iac' version : 1.11.0.2847 has not been found on the update center.
2023.06.04 02:46:50 INFO  web[AYiDsMy7MbF0wvS5AADc][o.s.u.c.UpdateCenter] The plugin 'jacoco' version : 1.3.0.1538 has not been found on the update center.
2023.06.04 02:46:50 INFO  web[AYiDsMy7MbF0wvS5AADc][o.s.u.c.UpdateCenter] The plugin 'java' version : 7.16.0.30901 has not been found on the update center.
2023.06.04 02:46:50 INFO  web[AYiDsMy7MbF0wvS5AADc][o.s.u.c.UpdateCenter] The plugin 'javascript' version : 9.13.0.20537 has not been found on the update center.
2023.06.04 02:46:50 INFO  web[AYiDsMy7MbF0wvS5AADc][o.s.u.c.UpdateCenter] The plugin 'kotlin' version : 2.12.0.1956 has not been found on the update center.
2023.06.04 02:46:50 INFO  web[AYiDsMy7MbF0wvS5AADc][o.s.u.c.UpdateCenter] The plugin 'php' version : 3.27.1.9352 has not been found on the update center.
2023.06.04 02:46:50 INFO  web[AYiDsMy7MbF0wvS5AADc][o.s.u.c.UpdateCenter] The plugin 'python' version : 3.24.0.10784 has not been found on the update center.
2023.06.04 02:46:50 INFO  web[AYiDsMy7MbF0wvS5AADc][o.s.u.c.UpdateCenter] The plugin 'ruby' version : 1.11.0.3905 has not been found on the update center.
2023.06.04 02:46:50 INFO  web[AYiDsMy7MbF0wvS5AADc][o.s.u.c.UpdateCenter] The plugin 'sonarscala' version : 1.11.0.3905 has not been found on the update center.
2023.06.04 02:46:50 INFO  web[AYiDsMy7MbF0wvS5AADc][o.s.u.c.UpdateCenter] The plugin 'text' version : 2.0.2.1090 has not been found on the update center.
2023.06.04 02:46:50 INFO  web[AYiDsMy7MbF0wvS5AADc][o.s.u.c.UpdateCenter] The plugin 'vbnet' version : 8.51.0.59060 has not been found on the update center.
2023.06.04 02:46:50 INFO  web[AYiDsMy7MbF0wvS5AADc][o.s.u.c.UpdateCenter] The plugin 'web' version : 3.7.1.3306 has not been found on the update center.
2023.06.04 02:46:50 INFO  web[AYiDsMy7MbF0wvS5AADc][o.s.u.c.UpdateCenter] The plugin 'xml' version : 2.7.0.3820 has not been found on the update center.
2023.06.04 02:49:41 INFO  web[AYiDsMy7MbF0wvS5AAD/][o.s.u.c.UpdateCenter] The plugin 'config' version : 1.2.0.267 has not been found on the update center.
2023.06.04 02:49:41 INFO  web[AYiDsMy7MbF0wvS5AAD/][o.s.u.c.UpdateCenter] The plugin 'csharp' version : 8.51.0.59060 has not been found on the update center.
2023.06.04 02:49:41 INFO  web[AYiDsMy7MbF0wvS5AAD/][o.s.u.c.UpdateCenter] The plugin 'flex' version : 2.8.0.3166 has not been found on the update center.
2023.06.04 02:49:41 INFO  web[AYiDsMy7MbF0wvS5AAD/][o.s.u.c.UpdateCenter] The plugin 'go' version : 1.11.0.3905 has not been found on the update center.
2023.06.04 02:49:41 INFO  web[AYiDsMy7MbF0wvS5AAD/][o.s.u.c.UpdateCenter] The plugin 'iac' version : 1.11.0.2847 has not been found on the update center.
2023.06.04 02:49:41 INFO  web[AYiDsMy7MbF0wvS5AAD/][o.s.u.c.UpdateCenter] The plugin 'jacoco' version : 1.3.0.1538 has not been found on the update center.
2023.06.04 02:49:41 INFO  web[AYiDsMy7MbF0wvS5AAD/][o.s.u.c.UpdateCenter] The plugin 'java' version : 7.16.0.30901 has not been found on the update center.
2023.06.04 02:49:41 INFO  web[AYiDsMy7MbF0wvS5AAD/][o.s.u.c.UpdateCenter] The plugin 'javascript' version : 9.13.0.20537 has not been found on the update center.
2023.06.04 02:49:41 INFO  web[AYiDsMy7MbF0wvS5AAD/][o.s.u.c.UpdateCenter] The plugin 'kotlin' version : 2.12.0.1956 has not been found on the update center.
2023.06.04 02:49:41 INFO  web[AYiDsMy7MbF0wvS5AAD/][o.s.u.c.UpdateCenter] The plugin 'php' version : 3.27.1.9352 has not been found on the update center.
2023.06.04 02:49:41 INFO  web[AYiDsMy7MbF0wvS5AAD/][o.s.u.c.UpdateCenter] The plugin 'python' version : 3.24.0.10784 has not been found on the update center.
2023.06.04 02:49:41 INFO  web[AYiDsMy7MbF0wvS5AAD/][o.s.u.c.UpdateCenter] The plugin 'ruby' version : 1.11.0.3905 has not been found on the update center.
2023.06.04 02:49:41 INFO  web[AYiDsMy7MbF0wvS5AAD/][o.s.u.c.UpdateCenter] The plugin 'sonarscala' version : 1.11.0.3905 has not been found on the update center.
2023.06.04 02:49:41 INFO  web[AYiDsMy7MbF0wvS5AAD/][o.s.u.c.UpdateCenter] The plugin 'text' version : 2.0.2.1090 has not been found on the update center.
2023.06.04 02:49:41 INFO  web[AYiDsMy7MbF0wvS5AAD/][o.s.u.c.UpdateCenter] The plugin 'vbnet' version : 8.51.0.59060 has not been found on the update center.
2023.06.04 02:49:41 INFO  web[AYiDsMy7MbF0wvS5AAD/][o.s.u.c.UpdateCenter] The plugin 'web' version : 3.7.1.3306 has not been found on the update center.
2023.06.04 02:49:41 INFO  web[AYiDsMy7MbF0wvS5AAD/][o.s.u.c.UpdateCenter] The plugin 'xml' version : 2.7.0.3820 has not been found on the update center.
2023.06.04 02:51:14 INFO  web[AYiDsMy7MbF0wvS5AAES][o.s.u.c.UpdateCenter] The plugin 'config' version : 1.2.0.267 has not been found on the update center.
2023.06.04 02:51:14 INFO  web[AYiDsMy7MbF0wvS5AAES][o.s.u.c.UpdateCenter] The plugin 'csharp' version : 8.51.0.59060 has not been found on the update center.
2023.06.04 02:51:14 INFO  web[AYiDsMy7MbF0wvS5AAES][o.s.u.c.UpdateCenter] The plugin 'flex' version : 2.8.0.3166 has not been found on the update center.
2023.06.04 02:51:14 INFO  web[AYiDsMy7MbF0wvS5AAES][o.s.u.c.UpdateCenter] The plugin 'go' version : 1.11.0.3905 has not been found on the update center.
2023.06.04 02:51:14 INFO  web[AYiDsMy7MbF0wvS5AAES][o.s.u.c.UpdateCenter] The plugin 'iac' version : 1.11.0.2847 has not been found on the update center.
2023.06.04 02:51:14 INFO  web[AYiDsMy7MbF0wvS5AAES][o.s.u.c.UpdateCenter] The plugin 'jacoco' version : 1.3.0.1538 has not been found on the update center.
2023.06.04 02:51:14 INFO  web[AYiDsMy7MbF0wvS5AAES][o.s.u.c.UpdateCenter] The plugin 'java' version : 7.16.0.30901 has not been found on the update center.
2023.06.04 02:51:14 INFO  web[AYiDsMy7MbF0wvS5AAES][o.s.u.c.UpdateCenter] The plugin 'javascript' version : 9.13.0.20537 has not been found on the update center.
2023.06.04 02:51:14 INFO  web[AYiDsMy7MbF0wvS5AAES][o.s.u.c.UpdateCenter] The plugin 'kotlin' version : 2.12.0.1956 has not been found on the update center.
2023.06.04 02:51:14 INFO  web[AYiDsMy7MbF0wvS5AAES][o.s.u.c.UpdateCenter] The plugin 'php' version : 3.27.1.9352 has not been found on the update center.
2023.06.04 02:51:14 INFO  web[AYiDsMy7MbF0wvS5AAES][o.s.u.c.UpdateCenter] The plugin 'python' version : 3.24.0.10784 has not been found on the update center.
2023.06.04 02:51:14 INFO  web[AYiDsMy7MbF0wvS5AAES][o.s.u.c.UpdateCenter] The plugin 'ruby' version : 1.11.0.3905 has not been found on the update center.
2023.06.04 02:51:14 INFO  web[AYiDsMy7MbF0wvS5AAES][o.s.u.c.UpdateCenter] The plugin 'sonarscala' version : 1.11.0.3905 has not been found on the update center.
2023.06.04 02:51:14 INFO  web[AYiDsMy7MbF0wvS5AAES][o.s.u.c.UpdateCenter] The plugin 'text' version : 2.0.2.1090 has not been found on the update center.
2023.06.04 02:51:14 INFO  web[AYiDsMy7MbF0wvS5AAES][o.s.u.c.UpdateCenter] The plugin 'vbnet' version : 8.51.0.59060 has not been found on the update center.
2023.06.04 02:51:14 INFO  web[AYiDsMy7MbF0wvS5AAES][o.s.u.c.UpdateCenter] The plugin 'web' version : 3.7.1.3306 has not been found on the update center.
2023.06.04 02:51:14 INFO  web[AYiDsMy7MbF0wvS5AAES][o.s.u.c.UpdateCenter] The plugin 'xml' version : 2.7.0.3820 has not been found on the update center.
2023.06.04 03:13:46 INFO  web[AYiDsMy7MbF0wvS5AAFF][o.s.u.c.UpdateCenter] The plugin 'config' version : 1.2.0.267 has not been found on the update center.
2023.06.04 03:13:46 INFO  web[AYiDsMy7MbF0wvS5AAFF][o.s.u.c.UpdateCenter] The plugin 'csharp' version : 8.51.0.59060 has not been found on the update center.
2023.06.04 03:13:46 INFO  web[AYiDsMy7MbF0wvS5AAFF][o.s.u.c.UpdateCenter] The plugin 'flex' version : 2.8.0.3166 has not been found on the update center.
2023.06.04 03:13:46 INFO  web[AYiDsMy7MbF0wvS5AAFF][o.s.u.c.UpdateCenter] The plugin 'go' version : 1.11.0.3905 has not been found on the update center.
2023.06.04 03:13:46 INFO  web[AYiDsMy7MbF0wvS5AAFF][o.s.u.c.UpdateCenter] The plugin 'iac' version : 1.11.0.2847 has not been found on the update center.
2023.06.04 03:13:46 INFO  web[AYiDsMy7MbF0wvS5AAFF][o.s.u.c.UpdateCenter] The plugin 'jacoco' version : 1.3.0.1538 has not been found on the update center.
2023.06.04 03:13:46 INFO  web[AYiDsMy7MbF0wvS5AAFF][o.s.u.c.UpdateCenter] The plugin 'java' version : 7.16.0.30901 has not been found on the update center.
2023.06.04 03:13:46 INFO  web[AYiDsMy7MbF0wvS5AAFF][o.s.u.c.UpdateCenter] The plugin 'javascript' version : 9.13.0.20537 has not been found on the update center.
2023.06.04 03:13:46 INFO  web[AYiDsMy7MbF0wvS5AAFF][o.s.u.c.UpdateCenter] The plugin 'kotlin' version : 2.12.0.1956 has not been found on the update center.
2023.06.04 03:13:46 INFO  web[AYiDsMy7MbF0wvS5AAFF][o.s.u.c.UpdateCenter] The plugin 'php' version : 3.27.1.9352 has not been found on the update center.
2023.06.04 03:13:46 INFO  web[AYiDsMy7MbF0wvS5AAFF][o.s.u.c.UpdateCenter] The plugin 'python' version : 3.24.0.10784 has not been found on the update center.
2023.06.04 03:13:46 INFO  web[AYiDsMy7MbF0wvS5AAFF][o.s.u.c.UpdateCenter] The plugin 'ruby' version : 1.11.0.3905 has not been found on the update center.
2023.06.04 03:13:46 INFO  web[AYiDsMy7MbF0wvS5AAFF][o.s.u.c.UpdateCenter] The plugin 'sonarscala' version : 1.11.0.3905 has not been found on the update center.
2023.06.04 03:13:46 INFO  web[AYiDsMy7MbF0wvS5AAFF][o.s.u.c.UpdateCenter] The plugin 'text' version : 2.0.2.1090 has not been found on the update center.
2023.06.04 03:13:46 INFO  web[AYiDsMy7MbF0wvS5AAFF][o.s.u.c.UpdateCenter] The plugin 'vbnet' version : 8.51.0.59060 has not been found on the update center.
2023.06.04 03:13:46 INFO  web[AYiDsMy7MbF0wvS5AAFF][o.s.u.c.UpdateCenter] The plugin 'web' version : 3.7.1.3306 has not been found on the update center.
2023.06.04 03:13:46 INFO  web[AYiDsMy7MbF0wvS5AAFF][o.s.u.c.UpdateCenter] The plugin 'xml' version : 2.7.0.3820 has not been found on the update center.
2023.06.04 03:13:51 INFO  web[AYiDsMy7MbF0wvS5AAFc][o.s.u.c.UpdateCenter] The plugin 'config' version : 1.2.0.267 has not been found on the update center.
2023.06.04 03:13:51 INFO  web[AYiDsMy7MbF0wvS5AAFc][o.s.u.c.UpdateCenter] The plugin 'csharp' version : 8.51.0.59060 has not been found on the update center.
2023.06.04 03:13:51 INFO  web[AYiDsMy7MbF0wvS5AAFc][o.s.u.c.UpdateCenter] The plugin 'flex' version : 2.8.0.3166 has not been found on the update center.
2023.06.04 03:13:51 INFO  web[AYiDsMy7MbF0wvS5AAFc][o.s.u.c.UpdateCenter] The plugin 'go' version : 1.11.0.3905 has not been found on the update center.
2023.06.04 03:13:51 INFO  web[AYiDsMy7MbF0wvS5AAFc][o.s.u.c.UpdateCenter] The plugin 'iac' version : 1.11.0.2847 has not been found on the update center.
2023.06.04 03:13:51 INFO  web[AYiDsMy7MbF0wvS5AAFc][o.s.u.c.UpdateCenter] The plugin 'jacoco' version : 1.3.0.1538 has not been found on the update center.
2023.06.04 03:13:51 INFO  web[AYiDsMy7MbF0wvS5AAFc][o.s.u.c.UpdateCenter] The plugin 'java' version : 7.16.0.30901 has not been found on the update center.
2023.06.04 03:13:51 INFO  web[AYiDsMy7MbF0wvS5AAFc][o.s.u.c.UpdateCenter] The plugin 'javascript' version : 9.13.0.20537 has not been found on the update center.
2023.06.04 03:13:51 INFO  web[AYiDsMy7MbF0wvS5AAFc][o.s.u.c.UpdateCenter] The plugin 'kotlin' version : 2.12.0.1956 has not been found on the update center.
2023.06.04 03:13:51 INFO  web[AYiDsMy7MbF0wvS5AAFc][o.s.u.c.UpdateCenter] The plugin 'php' version : 3.27.1.9352 has not been found on the update center.
2023.06.04 03:13:51 INFO  web[AYiDsMy7MbF0wvS5AAFc][o.s.u.c.UpdateCenter] The plugin 'python' version : 3.24.0.10784 has not been found on the update center.
2023.06.04 03:13:51 INFO  web[AYiDsMy7MbF0wvS5AAFc][o.s.u.c.UpdateCenter] The plugin 'ruby' version : 1.11.0.3905 has not been found on the update center.
2023.06.04 03:13:51 INFO  web[AYiDsMy7MbF0wvS5AAFc][o.s.u.c.UpdateCenter] The plugin 'sonarscala' version : 1.11.0.3905 has not been found on the update center.
2023.06.04 03:13:51 INFO  web[AYiDsMy7MbF0wvS5AAFc][o.s.u.c.UpdateCenter] The plugin 'text' version : 2.0.2.1090 has not been found on the update center.
2023.06.04 03:13:51 INFO  web[AYiDsMy7MbF0wvS5AAFc][o.s.u.c.UpdateCenter] The plugin 'vbnet' version : 8.51.0.59060 has not been found on the update center.
2023.06.04 03:13:51 INFO  web[AYiDsMy7MbF0wvS5AAFc][o.s.u.c.UpdateCenter] The plugin 'web' version : 3.7.1.3306 has not been found on the update center.
2023.06.04 03:13:51 INFO  web[AYiDsMy7MbF0wvS5AAFc][o.s.u.c.UpdateCenter] The plugin 'xml' version : 2.7.0.3820 has not been found on the update center.
2023.06.04 03:13:53 INFO  web[AYiDsMy7MbF0wvS5AAFk][o.s.u.c.UpdateCenter] The plugin 'config' version : 1.2.0.267 has not been found on the update center.
2023.06.04 03:13:53 INFO  web[AYiDsMy7MbF0wvS5AAFk][o.s.u.c.UpdateCenter] The plugin 'csharp' version : 8.51.0.59060 has not been found on the update center.
2023.06.04 03:13:53 INFO  web[AYiDsMy7MbF0wvS5AAFk][o.s.u.c.UpdateCenter] The plugin 'flex' version : 2.8.0.3166 has not been found on the update center.
2023.06.04 03:13:53 INFO  web[AYiDsMy7MbF0wvS5AAFk][o.s.u.c.UpdateCenter] The plugin 'go' version : 1.11.0.3905 has not been found on the update center.
2023.06.04 03:13:53 INFO  web[AYiDsMy7MbF0wvS5AAFk][o.s.u.c.UpdateCenter] The plugin 'iac' version : 1.11.0.2847 has not been found on the update center.
2023.06.04 03:13:53 INFO  web[AYiDsMy7MbF0wvS5AAFk][o.s.u.c.UpdateCenter] The plugin 'jacoco' version : 1.3.0.1538 has not been found on the update center.
2023.06.04 03:13:53 INFO  web[AYiDsMy7MbF0wvS5AAFk][o.s.u.c.UpdateCenter] The plugin 'java' version : 7.16.0.30901 has not been found on the update center.
2023.06.04 03:13:53 INFO  web[AYiDsMy7MbF0wvS5AAFk][o.s.u.c.UpdateCenter] The plugin 'javascript' version : 9.13.0.20537 has not been found on the update center.
2023.06.04 03:13:53 INFO  web[AYiDsMy7MbF0wvS5AAFk][o.s.u.c.UpdateCenter] The plugin 'kotlin' version : 2.12.0.1956 has not been found on the update center.
2023.06.04 03:13:53 INFO  web[AYiDsMy7MbF0wvS5AAFk][o.s.u.c.UpdateCenter] The plugin 'php' version : 3.27.1.9352 has not been found on the update center.
2023.06.04 03:13:53 INFO  web[AYiDsMy7MbF0wvS5AAFk][o.s.u.c.UpdateCenter] The plugin 'python' version : 3.24.0.10784 has not been found on the update center.
2023.06.04 03:13:53 INFO  web[AYiDsMy7MbF0wvS5AAFk][o.s.u.c.UpdateCenter] The plugin 'ruby' version : 1.11.0.3905 has not been found on the update center.
2023.06.04 03:13:53 INFO  web[AYiDsMy7MbF0wvS5AAFk][o.s.u.c.UpdateCenter] The plugin 'sonarscala' version : 1.11.0.3905 has not been found on the update center.
2023.06.04 03:13:53 INFO  web[AYiDsMy7MbF0wvS5AAFk][o.s.u.c.UpdateCenter] The plugin 'text' version : 2.0.2.1090 has not been found on the update center.
2023.06.04 03:13:53 INFO  web[AYiDsMy7MbF0wvS5AAFk][o.s.u.c.UpdateCenter] The plugin 'vbnet' version : 8.51.0.59060 has not been found on the update center.
2023.06.04 03:13:53 INFO  web[AYiDsMy7MbF0wvS5AAFk][o.s.u.c.UpdateCenter] The plugin 'web' version : 3.7.1.3306 has not been found on the update center.
2023.06.04 03:13:53 INFO  web[AYiDsMy7MbF0wvS5AAFk][o.s.u.c.UpdateCenter] The plugin 'xml' version : 2.7.0.3820 has not been found on the update center.
2023.06.04 03:13:55 INFO  web[AYiDsMy7MbF0wvS5AAFy][o.s.u.c.UpdateCenter] The plugin 'config' version : 1.2.0.267 has not been found on the update center.
2023.06.04 03:13:55 INFO  web[AYiDsMy7MbF0wvS5AAFy][o.s.u.c.UpdateCenter] The plugin 'csharp' version : 8.51.0.59060 has not been found on the update center.
2023.06.04 03:13:55 INFO  web[AYiDsMy7MbF0wvS5AAFy][o.s.u.c.UpdateCenter] The plugin 'flex' version : 2.8.0.3166 has not been found on the update center.
2023.06.04 03:13:55 INFO  web[AYiDsMy7MbF0wvS5AAFy][o.s.u.c.UpdateCenter] The plugin 'go' version : 1.11.0.3905 has not been found on the update center.
2023.06.04 03:13:55 INFO  web[AYiDsMy7MbF0wvS5AAFy][o.s.u.c.UpdateCenter] The plugin 'iac' version : 1.11.0.2847 has not been found on the update center.
2023.06.04 03:13:55 INFO  web[AYiDsMy7MbF0wvS5AAFy][o.s.u.c.UpdateCenter] The plugin 'jacoco' version : 1.3.0.1538 has not been found on the update center.
2023.06.04 03:13:55 INFO  web[AYiDsMy7MbF0wvS5AAFy][o.s.u.c.UpdateCenter] The plugin 'java' version : 7.16.0.30901 has not been found on the update center.
2023.06.04 03:13:55 INFO  web[AYiDsMy7MbF0wvS5AAFy][o.s.u.c.UpdateCenter] The plugin 'javascript' version : 9.13.0.20537 has not been found on the update center.
2023.06.04 03:13:55 INFO  web[AYiDsMy7MbF0wvS5AAFy][o.s.u.c.UpdateCenter] The plugin 'kotlin' version : 2.12.0.1956 has not been found on the update center.
2023.06.04 03:13:55 INFO  web[AYiDsMy7MbF0wvS5AAFy][o.s.u.c.UpdateCenter] The plugin 'php' version : 3.27.1.9352 has not been found on the update center.
2023.06.04 03:13:55 INFO  web[AYiDsMy7MbF0wvS5AAFy][o.s.u.c.UpdateCenter] The plugin 'python' version : 3.24.0.10784 has not been found on the update center.
2023.06.04 03:13:55 INFO  web[AYiDsMy7MbF0wvS5AAFy][o.s.u.c.UpdateCenter] The plugin 'ruby' version : 1.11.0.3905 has not been found on the update center.
2023.06.04 03:13:55 INFO  web[AYiDsMy7MbF0wvS5AAFy][o.s.u.c.UpdateCenter] The plugin 'sonarscala' version : 1.11.0.3905 has not been found on the update center.
2023.06.04 03:13:55 INFO  web[AYiDsMy7MbF0wvS5AAFy][o.s.u.c.UpdateCenter] The plugin 'text' version : 2.0.2.1090 has not been found on the update center.
2023.06.04 03:13:55 INFO  web[AYiDsMy7MbF0wvS5AAFy][o.s.u.c.UpdateCenter] The plugin 'vbnet' version : 8.51.0.59060 has not been found on the update center.
2023.06.04 03:13:55 INFO  web[AYiDsMy7MbF0wvS5AAFy][o.s.u.c.UpdateCenter] The plugin 'web' version : 3.7.1.3306 has not been found on the update center.
2023.06.04 03:13:55 INFO  web[AYiDsMy7MbF0wvS5AAFy][o.s.u.c.UpdateCenter] The plugin 'xml' version : 2.7.0.3820 has not been found on the update center.
2023.06.04 03:14:14 INFO  web[AYiDsMy7MbF0wvS5AAGF][o.s.u.c.UpdateCenter] The plugin 'config' version : 1.2.0.267 has not been found on the update center.
2023.06.04 03:14:14 INFO  web[AYiDsMy7MbF0wvS5AAGF][o.s.u.c.UpdateCenter] The plugin 'csharp' version : 8.51.0.59060 has not been found on the update center.
2023.06.04 03:14:14 INFO  web[AYiDsMy7MbF0wvS5AAGF][o.s.u.c.UpdateCenter] The plugin 'flex' version : 2.8.0.3166 has not been found on the update center.
2023.06.04 03:14:14 INFO  web[AYiDsMy7MbF0wvS5AAGF][o.s.u.c.UpdateCenter] The plugin 'go' version : 1.11.0.3905 has not been found on the update center.
2023.06.04 03:14:14 INFO  web[AYiDsMy7MbF0wvS5AAGF][o.s.u.c.UpdateCenter] The plugin 'iac' version : 1.11.0.2847 has not been found on the update center.
2023.06.04 03:14:14 INFO  web[AYiDsMy7MbF0wvS5AAGF][o.s.u.c.UpdateCenter] The plugin 'jacoco' version : 1.3.0.1538 has not been found on the update center.
2023.06.04 03:14:14 INFO  web[AYiDsMy7MbF0wvS5AAGF][o.s.u.c.UpdateCenter] The plugin 'java' version : 7.16.0.30901 has not been found on the update center.
2023.06.04 03:14:14 INFO  web[AYiDsMy7MbF0wvS5AAGF][o.s.u.c.UpdateCenter] The plugin 'javascript' version : 9.13.0.20537 has not been found on the update center.
2023.06.04 03:14:14 INFO  web[AYiDsMy7MbF0wvS5AAGF][o.s.u.c.UpdateCenter] The plugin 'kotlin' version : 2.12.0.1956 has not been found on the update center.
2023.06.04 03:14:14 INFO  web[AYiDsMy7MbF0wvS5AAGF][o.s.u.c.UpdateCenter] The plugin 'php' version : 3.27.1.9352 has not been found on the update center.
2023.06.04 03:14:14 INFO  web[AYiDsMy7MbF0wvS5AAGF][o.s.u.c.UpdateCenter] The plugin 'python' version : 3.24.0.10784 has not been found on the update center.
2023.06.04 03:14:14 INFO  web[AYiDsMy7MbF0wvS5AAGF][o.s.u.c.UpdateCenter] The plugin 'ruby' version : 1.11.0.3905 has not been found on the update center.
2023.06.04 03:14:14 INFO  web[AYiDsMy7MbF0wvS5AAGF][o.s.u.c.UpdateCenter] The plugin 'sonarscala' version : 1.11.0.3905 has not been found on the update center.
2023.06.04 03:14:14 INFO  web[AYiDsMy7MbF0wvS5AAGF][o.s.u.c.UpdateCenter] The plugin 'text' version : 2.0.2.1090 has not been found on the update center.
2023.06.04 03:14:14 INFO  web[AYiDsMy7MbF0wvS5AAGF][o.s.u.c.UpdateCenter] The plugin 'vbnet' version : 8.51.0.59060 has not been found on the update center.
2023.06.04 03:14:14 INFO  web[AYiDsMy7MbF0wvS5AAGF][o.s.u.c.UpdateCenter] The plugin 'web' version : 3.7.1.3306 has not been found on the update center.
2023.06.04 03:14:14 INFO  web[AYiDsMy7MbF0wvS5AAGF][o.s.u.c.UpdateCenter] The plugin 'xml' version : 2.7.0.3820 has not been found on the update center.
2023.06.04 03:14:15 INFO  web[AYiDsMy7MbF0wvS5AAGO][o.s.u.c.UpdateCenter] The plugin 'config' version : 1.2.0.267 has not been found on the update center.
2023.06.04 03:14:15 INFO  web[AYiDsMy7MbF0wvS5AAGO][o.s.u.c.UpdateCenter] The plugin 'csharp' version : 8.51.0.59060 has not been found on the update center.
2023.06.04 03:14:15 INFO  web[AYiDsMy7MbF0wvS5AAGO][o.s.u.c.UpdateCenter] The plugin 'flex' version : 2.8.0.3166 has not been found on the update center.
2023.06.04 03:14:15 INFO  web[AYiDsMy7MbF0wvS5AAGO][o.s.u.c.UpdateCenter] The plugin 'go' version : 1.11.0.3905 has not been found on the update center.
2023.06.04 03:14:15 INFO  web[AYiDsMy7MbF0wvS5AAGO][o.s.u.c.UpdateCenter] The plugin 'iac' version : 1.11.0.2847 has not been found on the update center.
2023.06.04 03:14:15 INFO  web[AYiDsMy7MbF0wvS5AAGO][o.s.u.c.UpdateCenter] The plugin 'jacoco' version : 1.3.0.1538 has not been found on the update center.
2023.06.04 03:14:15 INFO  web[AYiDsMy7MbF0wvS5AAGO][o.s.u.c.UpdateCenter] The plugin 'java' version : 7.16.0.30901 has not been found on the update center.
2023.06.04 03:14:15 INFO  web[AYiDsMy7MbF0wvS5AAGO][o.s.u.c.UpdateCenter] The plugin 'javascript' version : 9.13.0.20537 has not been found on the update center.
2023.06.04 03:14:15 INFO  web[AYiDsMy7MbF0wvS5AAGO][o.s.u.c.UpdateCenter] The plugin 'kotlin' version : 2.12.0.1956 has not been found on the update center.
2023.06.04 03:14:15 INFO  web[AYiDsMy7MbF0wvS5AAGO][o.s.u.c.UpdateCenter] The plugin 'php' version : 3.27.1.9352 has not been found on the update center.
2023.06.04 03:14:15 INFO  web[AYiDsMy7MbF0wvS5AAGO][o.s.u.c.UpdateCenter] The plugin 'python' version : 3.24.0.10784 has not been found on the update center.
2023.06.04 03:14:15 INFO  web[AYiDsMy7MbF0wvS5AAGO][o.s.u.c.UpdateCenter] The plugin 'ruby' version : 1.11.0.3905 has not been found on the update center.
2023.06.04 03:14:15 INFO  web[AYiDsMy7MbF0wvS5AAGO][o.s.u.c.UpdateCenter] The plugin 'sonarscala' version : 1.11.0.3905 has not been found on the update center.
2023.06.04 03:14:15 INFO  web[AYiDsMy7MbF0wvS5AAGO][o.s.u.c.UpdateCenter] The plugin 'text' version : 2.0.2.1090 has not been found on the update center.
2023.06.04 03:14:15 INFO  web[AYiDsMy7MbF0wvS5AAGO][o.s.u.c.UpdateCenter] The plugin 'vbnet' version : 8.51.0.59060 has not been found on the update center.
2023.06.04 03:14:15 INFO  web[AYiDsMy7MbF0wvS5AAGO][o.s.u.c.UpdateCenter] The plugin 'web' version : 3.7.1.3306 has not been found on the update center.
2023.06.04 03:14:15 INFO  web[AYiDsMy7MbF0wvS5AAGO][o.s.u.c.UpdateCenter] The plugin 'xml' version : 2.7.0.3820 has not been found on the update center.
2023.06.04 03:26:05 INFO  web[][o.s.p.ProcessEntryPoint] Gracefully stopping process
2023.06.04 03:26:05 INFO  web[][o.s.s.n.NotificationDaemon] Notification service stopped
2023.06.04 03:26:05 INFO  web[][c.z.h.HikariDataSource] HikariPool-1 - Shutdown initiated...
2023.06.04 03:26:06 INFO  web[][c.z.h.HikariDataSource] HikariPool-1 - Shutdown completed.
2023.06.04 03:26:06 INFO  web[][o.s.s.p.d.EmbeddedDatabase] Embedded database stopped
2023.06.04 03:26:06 WARN  web[][o.a.c.l.WebappClassLoaderBase] The web application [ROOT] appears to have started a thread named [logback-2] but has failed to stop it. This is very likely to create a memory leak. Stack trace of thread:\n java.base@17.0.7/jdk.internal.misc.Unsafe.park(Native Method)\n java.base@17.0.7/java.util.concurrent.locks.LockSupport.park(Unknown Source)\n java.base@17.0.7/java.util.concurrent.locks.AbstractQueuedSynchronizer$ConditionNode.block(Unknown Source)\n java.base@17.0.7/java.util.concurrent.ForkJoinPool.unmanagedBlock(Unknown Source)\n java.base@17.0.7/java.util.concurrent.ForkJoinPool.managedBlock(Unknown Source)\n java.base@17.0.7/java.util.concurrent.locks.AbstractQueuedSynchronizer$ConditionObject.await(Unknown Source)\n java.base@17.0.7/java.util.concurrent.ScheduledThreadPoolExecutor$DelayedWorkQueue.take(Unknown Source)\n java.base@17.0.7/java.util.concurrent.ScheduledThreadPoolExecutor$DelayedWorkQueue.take(Unknown Source)\n java.base@17.0.7/java.util.concurrent.ThreadPoolExecutor.getTask(Unknown Source)\n java.base@17.0.7/java.util.concurrent.ThreadPoolExecutor.runWorker(Unknown Source)\n java.base@17.0.7/java.util.concurrent.ThreadPoolExecutor$Worker.run(Unknown Source)\n java.base@17.0.7/java.lang.Thread.run(Unknown Source)
2023.06.04 03:26:06 INFO  web[][o.s.s.app.WebServer] Web Server stopped
